[2026-01-02 10:41:07.476] Proxy started. Listening on port 2223. Logging to smarttemp_handshake.log
[2026-01-02 10:44:03.130] [NEW CONN] ('192.168.0.17', 57158)
[2026-01-02 10:44:03.210] [DEV竊辰LOUD] RAW: 53 55 42 20 32 38 39 43 36 45 33 30 39 41 42 33 0a
[2026-01-02 10:44:03.211] [DEV竊辰LOUD] ASC: SUB 289C6E309AB3\n
[2026-01-02 10:44:03.211] [NEW CONN] ('192.168.0.17', 57159)
[2026-01-02 10:44:03.211] [DEV竊辰LOUD] Connection closed
[2026-01-02 10:44:03.254] [DEV竊辰LOUD] RAW: 53 55 42 20 32 38 39 43 36 45 33 30 39 41 42 33 0a
[2026-01-02 10:44:03.255] [DEV竊辰LOUD] ASC: SUB 289C6E309AB3\n
[2026-01-02 10:44:13.211] [CLOUD竊奪EV] Error: timed out
[2026-01-02 10:44:13.255] [CLOUD竊奪EV] Error: timed out
[2026-01-02 10:44:13.256] [DEV竊辰LOUD] Error: [Errno 9] Bad file descriptor
[2026-01-02 10:44:40.521] [NEW CONN] ('192.168.0.17', 53579)
[2026-01-02 10:44:40.566] [DEV竊辰LOUD] RAW: 53 55 42 20 32 38 39 43 36 45 33 30 39 41 42 33 0a
[2026-01-02 10:44:40.566] [DEV竊辰LOUD] ASC: SUB 289C6E309AB3\n
[2026-01-02 10:44:50.566] [CLOUD竊奪EV] Error: timed out
[2026-01-02 10:44:50.567] [DEV竊辰LOUD] Error: [Errno 9] Bad file descriptor
[2026-01-02 10:44:50.604] [NEW CONN] ('192.168.0.17', 53580)
[2026-01-02 10:44:50.648] [DEV竊辰LOUD] RAW: 53 55 42 20 32 38 39 43 36 45 33 30 39 41 42 33 0a
[2026-01-02 10:44:50.648] [DEV竊辰LOUD] ASC: SUB 289C6E309AB3\n
[2026-01-02 10:44:54.799] [DEV竊辰LOUD] RAW: 7b 0a 09 22 70 61 69 72 5f 6b 65 79 22 3a 09 22 30 30 33 22 2c 0a 09 22 64 69 73 5f 64 65 76 5f 6e 61 6d 65 22 3a 09 22 49 6e 73 70 69 72 65 22 2c 0a 09 22 64 65 76 5f 76 65 72 22 3a 09 22 32 2e 36 32 22 2c 0a 09 22 7a 6f 6e 65 5f 6e 6f 22 3a 09 30 2c 0a 09 22 7a 6f 6e 65 5f 74 79 70 65 22 3a 09 32 2c 0a 09 22 65 68 65 61 74 5f 65 6e 22 3a 09 30 2c 0a 09 22 66 61 6e 5f 74 79 70 65 22 3a 09 31 2c 0a 09 22 74 65 6d 70 5f 75 6e 69 74 22 3a 09 30 2c 0a 09 22 74 65 6d 70 5f 6d 61 78 22 3a 09 33 32 30 2c 0a 09 22 74 65 6d 70 5f 6d 69 6e 22 3a 09 31 38 30 2c 0a 09 22 74 65 6d 70 5f 64 62 22 3a 09 31 30 2c 0a 09 22 65 76 65 6e 74 5f 6e 6f 22 3a 09 34 2c 0a 09 22 65 76 65 6e 74 31 5f 6e 61 6d 65 22 3a 09 22 57 61 6b 65 22 2c 0a 09 22 65 76 65 6e 74 32 5f 6e 61 6d 65 22 3a 09 22 4c 65 61 76 65 22 2c 0a 09 22 65 76 65 6e 74 33 5f 6e 61 6d 65 22 3a 09 22 52 65 74 75 72 6e 22 2c 0a 09 22 65 76 65 6e 74 34 5f 6e 61 6d 65 22 3a 09 22 53 6c 65 65 70 22 2c 0a 09 22 74 68 5f 6e 6f 22 3a 09 31 2c 0a 09 22 64 69 73 5f 6f 75 74 73 69 64 65 22 3a 09 2d 31 30 30 30 2c 0a 09 22 66 61 6e 5f 73 74 61 74 75 73 22 3a 09 30 2c 0a 09 22 68 65 61 74 5f 73 74 61 74 75 73 22 3a 09 30 2c 0a 09 22 63 6f 6f 6c 5f 73 74 61 74 75 73 22 3a 09 30 2c 0a 09 22 65 68 65 61 74 5f 73 74 61 74 75 73 22 3a 09 30 2c 0a 09 22 64 69 73 5f 73 79 73 5f 74 65 6d 70 22 3a 09 32 34 34 2c 0a 09 22 64 69 73 5f 72 6f 6f 6d 5f 74 65 6d 70 22 3a 09 5b 32 34 34 2c 20 30 2c 20 30 2c 20 30 5d 2c 0a 09 22 64 69 73 5f 72 6f 6f 6d 5f 68 75 6d 69 22 3a 09 5b 36 38 2c 20 30 2c 20 30 2c 20 30 5d 2c 0a 09 22 64 69 73 5f 7a 6f 6e 65 5f 74 65 6d 70 22 3a 09 5b 5d 2c 0a 09 22 65 71 75 69 70 5f 6d 6f 64 65 22 3a 09 30 2c 0a 09 22 66 61 6e 5f 6d 6f 64 65 22 3a 09 30 2c 0a 09 22 66 61 6e 5f 73 70 65 65 64 22 3a 09 31 2c 0a 09 22 68 6f 6c 69 64 61 79 22 3a 09 7b 0a 09 09 22 6f 6e 6f 66 66 22 3a 09 30 2c 0a 09 09 22 74 74 69 6d 65 22 3a 09 31 35 38 39 30 39 39 34 30 30 2c 0a 09 09 22 68 65 61 74 73 65 74 22 3a 09 32 32 30 2c 0a 09 09 22 63 6f 6f 6c 73 65 74 22 3a 09 32 36 30 2c 0a 09 09 22 66 72 65 73 68
[2026-01-02 10:44:54.800] [DEV竊辰LOUD] ASC: {\n\t"pair_key":\t"003",\n\t"dis_dev_name":\t"Inspire",\n\t"dev_ver":\t"2.62",\n\t"zone_no":\t0,\n\t"zone_type":\t2,\n\t"eheat_en":\t0,\n\t"fan_type":\t1,\n\t"temp_unit":\t0,\n\t"temp_max":\t320,\n\t"temp_min":\t180,\n\t"temp_db":\t10,\n\t"event_no":\t4,\n\t"event1_name":\t"Wake",\n\t"event2_name":\t"Leave",\n\t"event3_name":\t"Return",\n\t"event4_name":\t"Sleep",\n\t"th_no":\t1,\n\t"dis_outside":\t-1000,\n\t"fan_status":\t0,\n\t"heat_status":\t0,\n\t"cool_status":\t0,\n\t"eheat_status":\t0,\n\t"dis_sys_temp":\t244,\n\t"dis_room_temp":\t[244, 0, 0, 0],\n\t"dis_room_humi":\t[68, 0, 0, 0],\n\t"dis_zone_temp":\t[],\n\t"equip_mode":\t0,\n\t"fan_mode":\t0,\n\t"fan_speed":\t1,\n\t"holiday":\t{\n\t\t"onoff":\t0,\n\t\t"ttime":\t1589099400,\n\t\t"heatset":\t220,\n\t\t"coolset":\t260,\n\t\t"fresh
[2026-01-02 10:44:54.857] [DEV竊辰LOUD] RAW: 61 69 72 22 3a 09 30 2c 0a 09 09 22 76 65 6e 74 69 22 3a 09 30 0a 09 7d 2c 0a 09 22 73 79 73 5f 73 65 74 22 3a 09 7b 0a 09 09 22 68 65 61 74 73 65 74 22 3a 09 32 30 30 2c 0a 09 09 22 63 6f 6f 6c 73 65 74 22 3a 09 32 32 30 2c 0a 09 09 22 70 72 6f 67 65 6e 22 3a 09 30 2c 0a 09 09 22 6f 76 72 64 74 69 6d 65 22 3a 09 30 2c 0a 09 09 22 61 75 74 6f 6f 66 66 74 69 6d 65 22 3a 09 2d 31 0a 09 7d 2c 0a 09 22 73 79 73 5f 73 68 65 64 75 6c 65 22 3a 09 7b 0a 09 09 22 6d 6f 6e 22 3a 09 5b 7b 0a 09 09 09 09 22 74 22 3a 09 33 36 30 2c 0a 09 09 09 09 22 68 22 3a 09 31 38 30 2c 0a 09 09 09 09 22 63 22 3a 09 32 35 30 0a 09 09 09 7d 2c 20 7b 0a 09 09 09 09 22 74 22 3a 09 35 31 30 2c 0a 09 09 09 09 22 68 22 3a 09 31 38 30 2c 0a 09 09 09 09 22 63 22 3a 09 32 38 30 0a 09 09 09 7d 2c 20 7b 0a 09 09 09 09 22 74 22 3a 09 31 30 32 30 2c 0a 09 09 09 09 22 68 22 3a 09 32 31 30 2c 0a 09 09 09 09 22 63 22 3a 09 32 34 30 0a 09 09 09 7d 2c 20 7b 0a 09 09 09 09 22 74 22 3a 09 31 33 32 30 2c 0a 09 09 09 09 22 68 22 3a 09 31 38
[2026-01-02 10:44:54.857] [DEV竊辰LOUD] ASC: air":\t0,\n\t\t"venti":\t0\n\t},\n\t"sys_set":\t{\n\t\t"heatset":\t200,\n\t\t"coolset":\t220,\n\t\t"progen":\t0,\n\t\t"ovrdtime":\t0,\n\t\t"autoofftime":\t-1\n\t},\n\t"sys_shedule":\t{\n\t\t"mon":\t[{\n\t\t\t\t"t":\t360,\n\t\t\t\t"h":\t180,\n\t\t\t\t"c":\t250\n\t\t\t}, {\n\t\t\t\t"t":\t510,\n\t\t\t\t"h":\t180,\n\t\t\t\t"c":\t280\n\t\t\t}, {\n\t\t\t\t"t":\t1020,\n\t\t\t\t"h":\t210,\n\t\t\t\t"c":\t240\n\t\t\t}, {\n\t\t\t\t"t":\t1320,\n\t\t\t\t"h":\t18
[2026-01-02 10:44:55.824] [DEV竊辰LOUD] RAW: 30 2c 0a 09 09 09 09 22 63 22 3a 09 32 38 30 0a 09 09 09 7d 5d 2c 0a 09 09 22 74 75 65 22 3a 09 5b 7b 0a 09 09 09 09 22 74 22 3a 09 33 36 30 2c 0a 09 09 09 09 22 68 22 3a 09 31 38 30 2c 0a 09 09 09 09 22 63 22 3a 09 32 35 30 0a 09 09 09 7d 2c 20 7b 0a 09 09 09 09 22 74 22 3a 09 35 31 30 2c 0a 09 09 09 09 22 68 22 3a 09 31 38 30 2c 0a 09 09 09 09 22 63 22 3a 09 32 38 30 0a 09 09 09 7d 2c 20 7b 0a 09 09 09 09 22 74 22 3a 09 31 30 32 30 2c 0a 09 09 09 09 22 68 22 3a 09 32 31 30 2c 0a 09 09 09 09 22 63 22 3a 09 32 34 30 0a 09 09 09 7d 2c 20 7b 0a 09 09 09 09 22 74 22 3a 09 31 33 32 30 2c 0a 09 09 09 09 22 68 22 3a 09 31 38 30 2c 0a 09 09 09 09 22 63 22 3a 09 32 38 30 0a 09 09 09 7d 5d 2c 0a 09 09 22 77 65 64 22 3a 09 5b 7b 0a 09 09 09 09 22 74 22 3a 09 33 36 30 2c 0a 09 09 09 09 22 68 22 3a 09 31 38 30 2c 0a 09 09 09 09 22 63 22 3a 09 32 35 30 0a 09 09 09 7d 2c 20 7b 0a 09 09 09 09 22 74 22 3a 09 35 31 30 2c 0a 09 09 09 09 22 68 22 3a 09 31 38 30 2c 0a 09 09 09 09 22 63 22 3a 09 32 38 30 0a 09 09 09 7d 2c 20 7b 0a 09 09 09 09 22 74 22 3a 09 31 30 32 30 2c 0a 09 09 09 09 22 68 22 3a 09 32 31 30 2c 0a 09 09 09 09 22 63 22 3a 09 32 34 30 0a 09 09 09 7d 2c 20 7b 0a 09 09 09 09 22 74 22 3a 09 31 33 32 30 2c 0a 09 09 09 09 22 68 22 3a 09 31 38 30 2c 0a 09 09 09 09 22 63 22 3a 09 32 38 30 0a 09 09 09 7d 5d 2c 0a 09 09 22 74 68 75 22 3a 09 5b 7b 0a 09 09 09 09 22 74 22 3a 09 33 36 30 2c 0a 09 09 09 09 22 68 22 3a 09 31 38 30 2c 0a 09 09 09 09 22 63 22 3a 09 32 35 30 0a 09 09 09 7d 2c 20 7b 0a 09 09 09 09 22 74 22 3a 09 35 31 30 2c 0a 09 09 09 09 22 68 22 3a 09 31 38 30 2c 0a 09 09 09 09 22 63 22 3a 09 32 38 30 0a 09 09 09 7d 2c 20 7b 0a 09 09 09 09 22 74 22 3a 09 31 30 32 30 2c 0a 09 09 09 09 22 68 22 3a 09 32 31 30 2c 0a 09 09 09 09 22 63 22 3a 09 32 34 30 0a 09 09 09 7d 2c 20 7b 0a 09 09 09 09 22 74 22 3a 09 31 33 32 30 2c 0a 09 09 09 09 22 68 22 3a 09 31 38 30 2c 0a 09 09 09 09 22 63 22 3a 09 32 38 30 0a 09 09 09 7d 5d 2c 0a 09 09 22 66 72 69 22 3a 09 5b 7b 0a 09 09 09 09 22 74 22 3a 09 33 36 30 2c 0a 09 09 09 09 22 68 22 3a 09 31 38 30
[2026-01-02 10:44:55.824] [DEV竊辰LOUD] ASC: 0,\n\t\t\t\t"c":\t280\n\t\t\t}],\n\t\t"tue":\t[{\n\t\t\t\t"t":\t360,\n\t\t\t\t"h":\t180,\n\t\t\t\t"c":\t250\n\t\t\t}, {\n\t\t\t\t"t":\t510,\n\t\t\t\t"h":\t180,\n\t\t\t\t"c":\t280\n\t\t\t}, {\n\t\t\t\t"t":\t1020,\n\t\t\t\t"h":\t210,\n\t\t\t\t"c":\t240\n\t\t\t}, {\n\t\t\t\t"t":\t1320,\n\t\t\t\t"h":\t180,\n\t\t\t\t"c":\t280\n\t\t\t}],\n\t\t"wed":\t[{\n\t\t\t\t"t":\t360,\n\t\t\t\t"h":\t180,\n\t\t\t\t"c":\t250\n\t\t\t}, {\n\t\t\t\t"t":\t510,\n\t\t\t\t"h":\t180,\n\t\t\t\t"c":\t280\n\t\t\t}, {\n\t\t\t\t"t":\t1020,\n\t\t\t\t"h":\t210,\n\t\t\t\t"c":\t240\n\t\t\t}, {\n\t\t\t\t"t":\t1320,\n\t\t\t\t"h":\t180,\n\t\t\t\t"c":\t280\n\t\t\t}],\n\t\t"thu":\t[{\n\t\t\t\t"t":\t360,\n\t\t\t\t"h":\t180,\n\t\t\t\t"c":\t250\n\t\t\t}, {\n\t\t\t\t"t":\t510,\n\t\t\t\t"h":\t180,\n\t\t\t\t"c":\t280\n\t\t\t}, {\n\t\t\t\t"t":\t1020,\n\t\t\t\t"h":\t210,\n\t\t\t\t"c":\t240\n\t\t\t}, {\n\t\t\t\t"t":\t1320,\n\t\t\t\t"h":\t180,\n\t\t\t\t"c":\t280\n\t\t\t}],\n\t\t"fri":\t[{\n\t\t\t\t"t":\t360,\n\t\t\t\t"h":\t180
[2026-01-02 10:44:56.026] [DEV竊辰LOUD] RAW: 2c 0a 09 09 09 09 22 63 22 3a 09 32 35 30 0a 09 09 09 7d 2c 20 7b 0a 09 09 09 09 22 74 22 3a 09 35 31 30 2c 0a 09 09 09 09 22 68 22 3a 09 31 38 30 2c 0a 09 09 09 09 22 63 22 3a 09 32 38 30 0a 09 09 09 7d 2c 20 7b 0a 09 09 09 09 22 74 22 3a 09 31 30 32 30 2c 0a 09 09 09 09 22 68 22 3a 09 32 31 30 2c 0a 09 09 09 09 22 63 22 3a 09 32 34 30 0a 09 09 09 7d 2c 20 7b 0a 09 09 09 09 22 74 22 3a 09 31 33 32 30 2c 0a 09 09 09 09 22 68 22 3a 09 31 38 30 2c 0a 09 09 09 09 22 63 22 3a 09 32 38 30 0a 09 09 09 7d 5d 2c 0a 09 09 22 73 61 74 22 3a 09 5b 7b 0a 09 09 09 09 22 74 22 3a 09 33 36 30 2c 0a 09 09 09 09 22 68 22 3a 09 31 38 30 2c 0a 09 09 09 09 22 63 22 3a 09 32 35 30 0a 09 09 09 7d 2c 20 7b 0a 09 09 09 09 22 74 22 3a 09 35 31 30 2c 0a 09 09 09 09 22 68 22 3a 09 31 38 30 2c 0a 09 09 09 09 22 63 22 3a 09 32 38 30 0a 09 09 09 7d 2c 20 7b 0a 09 09 09 09 22 74 22 3a 09 31 30 32 30 2c 0a 09 09 09 09 22 68 22 3a 09 32 31 30 2c 0a 09 09 09 09 22 63 22 3a 09 32 34 30 0a 09 09 09 7d 2c 20 7b 0a 09 09 09 09 22
[2026-01-02 10:44:56.027] [DEV竊辰LOUD] ASC: ,\n\t\t\t\t"c":\t250\n\t\t\t}, {\n\t\t\t\t"t":\t510,\n\t\t\t\t"h":\t180,\n\t\t\t\t"c":\t280\n\t\t\t}, {\n\t\t\t\t"t":\t1020,\n\t\t\t\t"h":\t210,\n\t\t\t\t"c":\t240\n\t\t\t}, {\n\t\t\t\t"t":\t1320,\n\t\t\t\t"h":\t180,\n\t\t\t\t"c":\t280\n\t\t\t}],\n\t\t"sat":\t[{\n\t\t\t\t"t":\t360,\n\t\t\t\t"h":\t180,\n\t\t\t\t"c":\t250\n\t\t\t}, {\n\t\t\t\t"t":\t510,\n\t\t\t\t"h":\t180,\n\t\t\t\t"c":\t280\n\t\t\t}, {\n\t\t\t\t"t":\t1020,\n\t\t\t\t"h":\t210,\n\t\t\t\t"c":\t240\n\t\t\t}, {\n\t\t\t\t"
[2026-01-02 10:44:56.130] [DEV竊辰LOUD] RAW: 74 22 3a 09 31 33 32 30 2c 0a 09 09 09 09 22 68 22 3a 09 31 38 30 2c 0a 09 09 09 09 22 63 22 3a 09 32 38 30 0a 09 09 09 7d 5d 2c 0a 09 09 22 73 75 6e 22 3a 09 5b 7b 0a 09 09 09 09 22 74 22 3a 09 33 36 30 2c 0a 09 09 09 09 22 68 22 3a 09 31 38 30 2c 0a 09 09 09 09 22 63 22 3a 09 32 35 30 0a 09 09 09 7d 2c 20 7b 0a 09 09 09 09 22 74 22 3a 09 35 31 30 2c 0a 09 09 09 09 22 68 22 3a 09 31 38 30 2c 0a 09 09 09 09 22 63 22 3a 09 32 38 30 0a 09 09 09 7d 2c 20 7b 0a 09 09 09 09 22 74 22 3a 09 31 30 32 30 2c 0a 09 09 09 09 22 68 22 3a 09 32 31 30 2c 0a 09 09 09 09 22 63 22 3a 09 32 34 30 0a 09 09 09 7d 2c 20 7b 0a 09 09 09 09 22 74 22 3a 09 31 33 32 30 2c 0a 09 09 09 09 22 68 22 3a 09 31 38 30 2c 0a 09 09 09 09 22 63 22 3a 09 32 38 30 0a 09 09 09 7d 5d 0a 09 7d 2c 0a 09 22 77 6f 72 6b 6d 6f 64 65 22 3a 09 30 2c 0a 09 22 64 72 79 5f 65 6e 22 3a 09 30 2c 0a 09 22 64 72 79 5f 6d 6f 64 65 22 3a 09 30 2c 0a 09 22 7a 6f 6e 65 6f 6e 6c 79 22 3a 09 30 2c 0a 09 22 6d 61 63 22 3a 09 22 32 38 39 43 36 45 33 30 39 41 42 33 22 2c 0a 09 22 74 69 6d 65 22 3a 09 31 37 36 37 33 35 30 36 37 37 2c 0a 09 22 65 6e 64 22 3a 09 31 0a 7d
[2026-01-02 10:44:56.130] [DEV竊辰LOUD] ASC: t":\t1320,\n\t\t\t\t"h":\t180,\n\t\t\t\t"c":\t280\n\t\t\t}],\n\t\t"sun":\t[{\n\t\t\t\t"t":\t360,\n\t\t\t\t"h":\t180,\n\t\t\t\t"c":\t250\n\t\t\t}, {\n\t\t\t\t"t":\t510,\n\t\t\t\t"h":\t180,\n\t\t\t\t"c":\t280\n\t\t\t}, {\n\t\t\t\t"t":\t1020,\n\t\t\t\t"h":\t210,\n\t\t\t\t"c":\t240\n\t\t\t}, {\n\t\t\t\t"t":\t1320,\n\t\t\t\t"h":\t180,\n\t\t\t\t"c":\t280\n\t\t\t}]\n\t},\n\t"workmode":\t0,\n\t"dry_en":\t0,\n\t"dry_mode":\t0,\n\t"zoneonly":\t0,\n\t"mac":\t"289C6E309AB3",\n\t"time":\t1767350677,\n\t"end":\t1\n}
[2026-01-02 10:44:56.174] [CLOUD竊奪EV] RAW: 7b 22 72 65 73 75 6c 74 22 3a 22 6f 6b 22 7d
[2026-01-02 10:44:56.174] [CLOUD竊奪EV] ASC: {"result":"ok"}
[2026-01-02 10:44:59.295] [DEV竊辰LOUD] RAW: 7b 0a 09 22 6d 61 63 22 3a 09 22 32 38 39 43 36 45 33 30 39 41 42 33 22 2c 0a 09 22 63 6d 64 22 3a 09 22 74 69 6d 65 22 0a 7d
[2026-01-02 10:44:59.296] [DEV竊辰LOUD] ASC: {\n\t"mac":\t"289C6E309AB3",\n\t"cmd":\t"time"\n}
[2026-01-02 10:44:59.340] [CLOUD竊奪EV] RAW: 7b 22 72 65 73 75 6c 74 22 3a 22 6f 6b 22 7d
[2026-01-02 10:44:59.340] [CLOUD竊奪EV] ASC: {"result":"ok"}
[2026-01-02 10:44:59.965] [CLOUD竊奪EV] RAW: 7b 22 6c 6f 63 61 6c 5f 74 69 6d 65 22 3a 22 32 30 32 36 30 31 30 32 31 30 34 34 22 2c 22 4d 73 67 49 44 22 3a 22 32 30 32 36 30 31 30 32 31 31 34 34 35 39 22 7d
[2026-01-02 10:44:59.965] [CLOUD竊奪EV] ASC: {"local_time":"202601021044","MsgID":"20260102114459"}
[2026-01-02 10:45:03.195] [DEV竊辰LOUD] RAW: 7b 0a 09 22 6d 61 63 22 3a 09 22 32 38 39 43 36 45 33 30 39 41 42 33 22 2c 0a 09 22 63 6d 64 22 3a 09 22 74 69 6d 65 22 0a 7d
[2026-01-02 10:45:03.195] [DEV竊辰LOUD] ASC: {\n\t"mac":\t"289C6E309AB3",\n\t"cmd":\t"time"\n}
[2026-01-02 10:45:03.240] [CLOUD竊奪EV] RAW: 7b 22 72 65 73 75 6c 74 22 3a 22 6f 6b 22 7d
[2026-01-02 10:45:03.240] [CLOUD竊奪EV] ASC: {"result":"ok"}
[2026-01-02 10:45:06.368] [DEV竊辰LOUD] RAW: 7b 0a 09 22 6d 61 63 22 3a 09 22 32 38 39 43 36 45 33 30 39 41 42 33 22 2c 0a 09 22 63 6d 64 22 3a 09 22 74 69 6d 65 22 0a 7d
[2026-01-02 10:45:06.369] [DEV竊辰LOUD] ASC: {\n\t"mac":\t"289C6E309AB3",\n\t"cmd":\t"time"\n}
[2026-01-02 10:45:06.411] [CLOUD竊奪EV] RAW: 7b 22 72 65 73 75 6c 74 22 3a 22 6f 6b 22 7d
[2026-01-02 10:45:06.411] [CLOUD竊奪EV] ASC: {"result":"ok"}
[2026-01-02 10:45:09.545] [DEV竊辰LOUD] RAW: 7b 0a 09 22 6d 61 63 22 3a 09 22 32 38 39 43 36 45 33 30 39 41 42 33 22 2c 0a 09 22 63 6d 64 22 3a 09 22 74 69 6d 65 22 0a 7d
[2026-01-02 10:45:09.545] [DEV竊辰LOUD] ASC: {\n\t"mac":\t"289C6E309AB3",\n\t"cmd":\t"time"\n}
[2026-01-02 10:45:09.586] [CLOUD竊奪EV] RAW: 7b 22 72 65 73 75 6c 74 22 3a 22 6f 6b 22 7d
[2026-01-02 10:45:09.586] [CLOUD竊奪EV] ASC: {"result":"ok"}
[2026-01-02 10:45:12.698] [DEV竊辰LOUD] RAW: 7b 0a 09 22 6d 61 63 22 3a 09 22 32 38 39 43 36 45 33 30 39 41 42 33 22 2c 0a 09 22 63 6d 64 22 3a 09 22 74 69 6d 65 22 0a 7d
[2026-01-02 10:45:12.699] [DEV竊辰LOUD] ASC: {\n\t"mac":\t"289C6E309AB3",\n\t"cmd":\t"time"\n}
[2026-01-02 10:45:12.740] [CLOUD竊奪EV] RAW: 7b 22 72 65 73 75 6c 74 22 3a 22 6f 6b 22 7d
[2026-01-02 10:45:12.740] [CLOUD竊奪EV] ASC: {"result":"ok"}
[2026-01-02 10:45:14.982] [CLOUD竊奪EV] RAW: 7b 22 6c 6f 63 61 6c 5f 74 69 6d 65 22 3a 22 32 30 32 36 30 31 30 32 31 30 34 35 22 2c 22 4d 73 67 49 44 22 3a 22 32 30 32 36 30 31 30 32 31 31 34 35 31 32 22 7d
[2026-01-02 10:45:14.983] [CLOUD竊奪EV] ASC: {"local_time":"202601021045","MsgID":"20260102114512"}
[2026-01-02 10:45:16.198] [DEV竊辰LOUD] RAW: 7b 0a 09 22 6c 6f 63 61 6c 5f 74 69 6d 65 22 3a 09 22 32 30 32 36 30 31 30 32 31 30 34 35 22 2c 0a 09 22 4d 73 67 49 44 22 3a 09 22 32 30 32 36 30 31 30 32 31 31 34 35 31 32 22 2c 0a 09 22 6d 61 63 22 3a 09 22 32 38 39 43 36 45 33 30 39 41 42 33 22 0a 7d
[2026-01-02 10:45:16.198] [DEV竊辰LOUD] ASC: {\n\t"local_time":\t"202601021045",\n\t"MsgID":\t"20260102114512",\n\t"mac":\t"289C6E309AB3"\n}
[2026-01-02 10:45:18.224] [DEV竊辰LOUD] RAW: 7b 0a 09 22 6d 61 63 22 3a 09 22 32 38 39 43 36 45 33 30 39 41 42 33 22 2c 0a 09 22 63 6d 64 22 3a 09 22 77 65 61 74 68 65 72 22 0a 7d
[2026-01-02 10:45:18.224] [DEV竊辰LOUD] ASC: {\n\t"mac":\t"289C6E309AB3",\n\t"cmd":\t"weather"\n}
[2026-01-02 10:45:18.267] [CLOUD竊奪EV] RAW: 7b 22 72 65 73 75 6c 74 22 3a 22 6f 6b 22 7d
[2026-01-02 10:45:18.267] [CLOUD竊奪EV] ASC: {"result":"ok"}
[2026-01-02 10:45:21.371] [DEV竊辰LOUD] RAW: 7b 0a 09 22 6d 61 63 22 3a 09 22 32 38 39 43 36 45 33 30 39 41 42 33 22 2c 0a 09 22 63 6d 64 22 3a 09 22 77 65 61 74 68 65 72 22 0a 7d
[2026-01-02 10:45:21.371] [DEV竊辰LOUD] ASC: {\n\t"mac":\t"289C6E309AB3",\n\t"cmd":\t"weather"\n}
[2026-01-02 10:45:21.417] [CLOUD竊奪EV] RAW: 7b 22 72 65 73 75 6c 74 22 3a 22 6f 6b 22 7d
[2026-01-02 10:45:21.418] [CLOUD竊奪EV] ASC: {"result":"ok"}
[2026-01-02 10:45:24.514] [DEV竊辰LOUD] RAW: 7b 0a 09 22 6d 61 63 22 3a 09 22 32 38 39 43 36 45 33 30 39 41 42 33 22 2c 0a 09 22 63 6d 64 22 3a 09 22 77 65 61 74 68 65 72 22 0a 7d
[2026-01-02 10:45:24.514] [DEV竊辰LOUD] ASC: {\n\t"mac":\t"289C6E309AB3",\n\t"cmd":\t"weather"\n}
[2026-01-02 10:45:24.557] [CLOUD竊奪EV] RAW: 7b 22 72 65 73 75 6c 74 22 3a 22 6f 6b 22 7d
[2026-01-02 10:45:24.558] [CLOUD竊奪EV] ASC: {"result":"ok"}
[2026-01-02 10:45:27.667] [DEV竊辰LOUD] RAW: 7b 0a 09 22 6d 61 63 22 3a 09 22 32 38 39 43 36 45 33 30 39 41 42 33 22 2c 0a 09 22 63 6d 64 22 3a 09 22 77 65 61 74 68 65 72 22 0a 7d
[2026-01-02 10:45:27.667] [DEV竊辰LOUD] ASC: {\n\t"mac":\t"289C6E309AB3",\n\t"cmd":\t"weather"\n}
[2026-01-02 10:45:27.713] [CLOUD竊奪EV] RAW: 7b 22 72 65 73 75 6c 74 22 3a 22 6f 6b 22 7d
[2026-01-02 10:45:27.713] [CLOUD竊奪EV] ASC: {"result":"ok"}
[2026-01-02 10:45:30.834] [DEV竊辰LOUD] RAW: 7b 0a 09 22 6d 61 63 22 3a 09 22 32 38 39 43 36 45 33 30 39 41 42 33 22 2c 0a 09 22 63 6d 64 22 3a 09 22 77 65 61 74 68 65 72 22 0a 7d
[2026-01-02 10:45:30.834] [DEV竊辰LOUD] ASC: {\n\t"mac":\t"289C6E309AB3",\n\t"cmd":\t"weather"\n}
[2026-01-02 10:45:30.878] [CLOUD竊奪EV] RAW: 7b 22 72 65 73 75 6c 74 22 3a 22 6f 6b 22 7d
[2026-01-02 10:45:30.879] [CLOUD竊奪EV] ASC: {"result":"ok"}
[2026-01-02 10:45:34.019] [DEV竊辰LOUD] RAW: 7b 0a 09 22 6d 61 63 22 3a 09 22 32 38 39 43 36 45 33 30 39 41 42 33 22 2c 0a 09 22 63 6d 64 22 3a 09 22 77 65 61 74 68 65 72 22 0a 7d
[2026-01-02 10:45:34.019] [DEV竊辰LOUD] ASC: {\n\t"mac":\t"289C6E309AB3",\n\t"cmd":\t"weather"\n}
[2026-01-02 10:45:34.064] [CLOUD竊奪EV] RAW: 7b 22 72 65 73 75 6c 74 22 3a 22 6f 6b 22 7d
[2026-01-02 10:45:34.064] [CLOUD竊奪EV] ASC: {"result":"ok"}
[2026-01-02 10:45:37.175] [DEV竊辰LOUD] RAW: 7b 0a 09 22 6d 61 63 22 3a 09 22 32 38 39 43 36 45 33 30 39 41 42 33 22 2c 0a 09 22 63 6d 64 22 3a 09 22 77 65 61 74 68 65 72 22 0a 7d
[2026-01-02 10:45:37.176] [DEV竊辰LOUD] ASC: {\n\t"mac":\t"289C6E309AB3",\n\t"cmd":\t"weather"\n}
[2026-01-02 10:45:37.217] [CLOUD竊奪EV] RAW: 7b 22 72 65 73 75 6c 74 22 3a 22 6f 6b 22 7d
[2026-01-02 10:45:37.218] [CLOUD竊奪EV] ASC: {"result":"ok"}
[2026-01-02 10:45:40.367] [DEV竊辰LOUD] RAW: 7b 0a 09 22 6d 61 63 22 3a 09 22 32 38 39 43 36 45 33 30 39 41 42 33 22 2c 0a 09 22 63 6d 64 22 3a 09 22 77 65 61 74 68 65 72 22 0a 7d
[2026-01-02 10:45:40.367] [DEV竊辰LOUD] ASC: {\n\t"mac":\t"289C6E309AB3",\n\t"cmd":\t"weather"\n}
[2026-01-02 10:45:40.413] [CLOUD竊奪EV] RAW: 7b 22 72 65 73 75 6c 74 22 3a 22 6f 6b 22 7d
[2026-01-02 10:45:40.413] [CLOUD竊奪EV] ASC: {"result":"ok"}
[2026-01-02 10:45:43.541] [DEV竊辰LOUD] RAW: 7b 0a 09 22 6d 61 63 22 3a 09 22 32 38 39 43 36 45 33 30 39 41 42 33 22 2c 0a 09 22 63 6d 64 22 3a 09 22 77 65 61 74 68 65 72 22 0a 7d
[2026-01-02 10:45:43.541] [DEV竊辰LOUD] ASC: {\n\t"mac":\t"289C6E309AB3",\n\t"cmd":\t"weather"\n}
[2026-01-02 10:45:43.583] [CLOUD竊奪EV] RAW: 7b 22 72 65 73 75 6c 74 22 3a 22 6f 6b 22 7d
[2026-01-02 10:45:43.583] [CLOUD竊奪EV] ASC: {"result":"ok"}
[2026-01-02 10:45:46.700] [DEV竊辰LOUD] RAW: 7b 0a 09 22 6d 61 63 22 3a 09 22 32 38 39 43 36 45 33 30 39 41 42 33 22 2c 0a 09 22 63 6d 64 22 3a 09 22 77 65 61 74 68 65 72 22 0a 7d
[2026-01-02 10:45:46.700] [DEV竊辰LOUD] ASC: {\n\t"mac":\t"289C6E309AB3",\n\t"cmd":\t"weather"\n}
[2026-01-02 10:45:46.741] [CLOUD竊奪EV] RAW: 7b 22 72 65 73 75 6c 74 22 3a 22 6f 6b 22 7d
[2026-01-02 10:45:46.742] [CLOUD竊奪EV] ASC: {"result":"ok"}
[2026-01-02 10:45:49.882] [DEV竊辰LOUD] RAW: 7b 0a 09 22 6d 61 63 22 3a 09 22 32 38 39 43 36 45 33 30 39 41 42 33 22 2c 0a 09 22 63 6d 64 22 3a 09 22 77 65 61 74 68 65 72 22 0a 7d
[2026-01-02 10:45:49.882] [DEV竊辰LOUD] ASC: {\n\t"mac":\t"289C6E309AB3",\n\t"cmd":\t"weather"\n}
[2026-01-02 10:45:49.926] [CLOUD竊奪EV] RAW: 7b 22 72 65 73 75 6c 74 22 3a 22 6f 6b 22 7d
[2026-01-02 10:45:49.926] [CLOUD竊奪EV] ASC: {"result":"ok"}
[2026-01-02 10:45:50.707] [DEV竊辰LOUD] RAW: 5f 5f 68 65 61 72 74 62 65 61 74 5f 5f 0a
[2026-01-02 10:45:50.707] [DEV竊辰LOUD] ASC: __heartbeat__\n
[2026-01-02 10:45:53.163] [DEV竊辰LOUD] RAW: 7b 0a 09 22 6d 61 63 22 3a 09 22 32 38 39 43 36 45 33 30 39 41 42 33 22 2c 0a 09 22 63 6d 64 22 3a 09 22 77 65 61 74 68 65 72 22 0a 7d
[2026-01-02 10:45:53.163] [DEV竊辰LOUD] ASC: {\n\t"mac":\t"289C6E309AB3",\n\t"cmd":\t"weather"\n}
[2026-01-02 10:45:53.204] [CLOUD竊奪EV] RAW: 7b 22 72 65 73 75 6c 74 22 3a 22 6f 6b 22 7d
[2026-01-02 10:45:53.205] [CLOUD竊奪EV] ASC: {"result":"ok"}
[2026-01-02 10:45:56.339] [DEV竊辰LOUD] RAW: 7b 0a 09 22 6d 61 63 22 3a 09 22 32 38 39 43 36 45 33 30 39 41 42 33 22 2c 0a 09 22 63 6d 64 22 3a 09 22 77 65 61 74 68 65 72 22 0a 7d
[2026-01-02 10:45:56.339] [DEV竊辰LOUD] ASC: {\n\t"mac":\t"289C6E309AB3",\n\t"cmd":\t"weather"\n}
[2026-01-02 10:45:56.381] [CLOUD竊奪EV] RAW: 7b 22 72 65 73 75 6c 74 22 3a 22 6f 6b 22 7d
[2026-01-02 10:45:56.382] [CLOUD竊奪EV] ASC: {"result":"ok"}
[2026-01-02 10:45:59.516] [DEV竊辰LOUD] RAW: 7b 0a 09 22 6d 61 63 22 3a 09 22 32 38 39 43 36 45 33 30 39 41 42 33 22 2c 0a 09 22 63 6d 64 22 3a 09 22 77 65 61 74 68 65 72 22 0a 7d
[2026-01-02 10:45:59.516] [DEV竊辰LOUD] ASC: {\n\t"mac":\t"289C6E309AB3",\n\t"cmd":\t"weather"\n}
[2026-01-02 10:45:59.559] [CLOUD竊奪EV] RAW: 7b 22 72 65 73 75 6c 74 22 3a 22 6f 6b 22 7d
[2026-01-02 10:45:59.559] [CLOUD竊奪EV] ASC: {"result":"ok"}
[2026-01-02 10:46:02.693] [DEV竊辰LOUD] RAW: 7b 0a 09 22 6d 61 63 22 3a 09 22 32 38 39 43 36 45 33 30 39 41 42 33 22 2c 0a 09 22 63 6d 64 22 3a 09 22 77 65 61 74 68 65 72 22 0a 7d
[2026-01-02 10:46:02.693] [DEV竊辰LOUD] ASC: {\n\t"mac":\t"289C6E309AB3",\n\t"cmd":\t"weather"\n}
[2026-01-02 10:46:02.736] [CLOUD竊奪EV] RAW: 7b 22 72 65 73 75 6c 74 22 3a 22 6f 6b 22 7d
[2026-01-02 10:46:02.736] [CLOUD竊奪EV] ASC: {"result":"ok"}
[2026-01-02 10:46:05.967] [DEV竊辰LOUD] RAW: 7b 0a 09 22 65 71 75 69 70 5f 6d 6f 64 65 22 3a 09 34 2c 0a 09 22 6d 61 63 22 3a 09 22 32 38 39 43 36 45 33 30 39 41 42 33 22 2c 0a 09 22 74 69 6d 65 22 3a 09 31 37 36 37 33 35 30 37 34 39 2c 0a 09 22 65 6e 64 22 3a 09 31 0a 7d
[2026-01-02 10:46:05.967] [DEV竊辰LOUD] ASC: {\n\t"equip_mode":\t4,\n\t"mac":\t"289C6E309AB3",\n\t"time":\t1767350749,\n\t"end":\t1\n}
[2026-01-02 10:46:06.011] [CLOUD竊奪EV] RAW: 7b 22 72 65 73 75 6c 74 22 3a 22 6f 6b 22 7d
[2026-01-02 10:46:06.011] [CLOUD竊奪EV] ASC: {"result":"ok"}
[2026-01-02 10:46:09.122] [DEV竊辰LOUD] RAW: 7b 0a 09 22 6d 61 63 22 3a 09 22 32 38 39 43 36 45 33 30 39 41 42 33 22 2c 0a 09 22 63 6d 64 22 3a 09 22 77 65 61 74 68 65 72 22 0a 7d
[2026-01-02 10:46:09.123] [DEV竊辰LOUD] ASC: {\n\t"mac":\t"289C6E309AB3",\n\t"cmd":\t"weather"\n}
[2026-01-02 10:46:09.166] [CLOUD竊奪EV] RAW: 7b 22 72 65 73 75 6c 74 22 3a 22 6f 6b 22 7d
[2026-01-02 10:46:09.166] [CLOUD竊奪EV] ASC: {"result":"ok"}
[2026-01-02 10:46:12.316] [DEV竊辰LOUD] RAW: 7b 0a 09 22 6d 61 63 22 3a 09 22 32 38 39 43 36 45 33 30 39 41 42 33 22 2c 0a 09 22 63 6d 64 22 3a 09 22 77 65 61 74 68 65 72 22 0a 7d
[2026-01-02 10:46:12.316] [DEV竊辰LOUD] ASC: {\n\t"mac":\t"289C6E309AB3",\n\t"cmd":\t"weather"\n}
[2026-01-02 10:46:12.362] [CLOUD竊奪EV] RAW: 7b 22 72 65 73 75 6c 74 22 3a 22 6f 6b 22 7d
[2026-01-02 10:46:12.363] [CLOUD竊奪EV] ASC: {"result":"ok"}
[2026-01-02 10:46:15.490] [DEV竊辰LOUD] RAW: 7b 0a 09 22 6d 61 63 22 3a 09 22 32 38 39 43 36 45 33 30 39 41 42 33 22 2c 0a 09 22 63 6d 64 22 3a 09 22 77 65 61 74 68 65 72 22 0a 7d
[2026-01-02 10:46:15.491] [DEV竊辰LOUD] ASC: {\n\t"mac":\t"289C6E309AB3",\n\t"cmd":\t"weather"\n}
[2026-01-02 10:46:15.535] [CLOUD竊奪EV] RAW: 7b 22 72 65 73 75 6c 74 22 3a 22 6f 6b 22 7d
[2026-01-02 10:46:15.535] [CLOUD竊奪EV] ASC: {"result":"ok"}
[2026-01-02 10:46:18.642] [DEV竊辰LOUD] RAW: 7b 0a 09 22 6d 61 63 22 3a 09 22 32 38 39 43 36 45 33 30 39 41 42 33 22 2c 0a 09 22 63 6d 64 22 3a 09 22 77 65 61 74 68 65 72 22 0a 7d
[2026-01-02 10:46:18.643] [DEV竊辰LOUD] ASC: {\n\t"mac":\t"289C6E309AB3",\n\t"cmd":\t"weather"\n}
[2026-01-02 10:46:18.685] [CLOUD竊奪EV] RAW: 7b 22 72 65 73 75 6c 74 22 3a 22 6f 6b 22 7d
[2026-01-02 10:46:18.686] [CLOUD竊奪EV] ASC: {"result":"ok"}
[2026-01-02 10:46:21.783] [DEV竊辰LOUD] RAW: 7b 0a 09 22 6d 61 63 22 3a 09 22 32 38 39 43 36 45 33 30 39 41 42 33 22 2c 0a 09 22 63 6d 64 22 3a 09 22 77 65 61 74 68 65 72 22 0a 7d
[2026-01-02 10:46:21.784] [DEV竊辰LOUD] ASC: {\n\t"mac":\t"289C6E309AB3",\n\t"cmd":\t"weather"\n}
[2026-01-02 10:46:21.825] [CLOUD竊奪EV] RAW: 7b 22 72 65 73 75 6c 74 22 3a 22 6f 6b 22 7d
[2026-01-02 10:46:21.826] [CLOUD竊奪EV] ASC: {"result":"ok"}
[2026-01-02 10:46:25.014] [DEV竊辰LOUD] RAW: 7b 0a 09 22 66 61 6e 5f 73 74 61 74 75 73 22 3a 09 31 2c 0a 09 22 63 6f 6f 6c 5f 73 74 61 74 75 73 22 3a 09 31 2c 0a 09 22 6d 61 63 22 3a 09 22 32 38 39 43 36 45 33 30 39 41 42 33 22 2c 0a 09 22 74 69 6d 65 22 3a 09 31 37 36 37 33 35 30 37 36 38 2c 0a 09 22 65 6e 64 22 3a 09 31 0a 7d
[2026-01-02 10:46:25.015] [DEV竊辰LOUD] ASC: {\n\t"fan_status":\t1,\n\t"cool_status":\t1,\n\t"mac":\t"289C6E309AB3",\n\t"time":\t1767350768,\n\t"end":\t1\n}
[2026-01-02 10:46:25.061] [CLOUD竊奪EV] RAW: 7b 22 72 65 73 75 6c 74 22 3a 22 6f 6b 22 7d
[2026-01-02 10:46:25.062] [CLOUD竊奪EV] ASC: {"result":"ok"}
[2026-01-02 10:46:28.187] [DEV竊辰LOUD] RAW: 7b 0a 09 22 6d 61 63 22 3a 09 22 32 38 39 43 36 45 33 30 39 41 42 33 22 2c 0a 09 22 63 6d 64 22 3a 09 22 77 65 61 74 68 65 72 22 0a 7d
[2026-01-02 10:46:28.188] [DEV竊辰LOUD] ASC: {\n\t"mac":\t"289C6E309AB3",\n\t"cmd":\t"weather"\n}
[2026-01-02 10:46:28.229] [CLOUD竊奪EV] RAW: 7b 22 72 65 73 75 6c 74 22 3a 22 6f 6b 22 7d
[2026-01-02 10:46:28.230] [CLOUD竊奪EV] ASC: {"result":"ok"}
[2026-01-02 10:46:31.365] [DEV竊辰LOUD] RAW: 7b 0a 09 22 6d 61 63 22 3a 09 22 32 38 39 43 36 45 33 30 39 41 42 33 22 2c 0a 09 22 63 6d 64 22 3a 09 22 77 65 61 74 68 65 72 22 0a 7d
[2026-01-02 10:46:31.365] [DEV竊辰LOUD] ASC: {\n\t"mac":\t"289C6E309AB3",\n\t"cmd":\t"weather"\n}
[2026-01-02 10:46:31.408] [CLOUD竊奪EV] RAW: 7b 22 72 65 73 75 6c 74 22 3a 22 6f 6b 22 7d
[2026-01-02 10:46:31.408] [CLOUD竊奪EV] ASC: {"result":"ok"}
[2026-01-02 10:46:34.537] [DEV竊辰LOUD] RAW: 7b 0a 09 22 6d 61 63 22 3a 09 22 32 38 39 43 36 45 33 30 39 41 42 33 22 2c 0a 09 22 63 6d 64 22 3a 09 22 77 65 61 74 68 65 72 22 0a 7d
[2026-01-02 10:46:34.537] [DEV竊辰LOUD] ASC: {\n\t"mac":\t"289C6E309AB3",\n\t"cmd":\t"weather"\n}
[2026-01-02 10:46:34.583] [CLOUD竊奪EV] RAW: 7b 22 72 65 73 75 6c 74 22 3a 22 6f 6b 22 7d
[2026-01-02 10:46:34.584] [CLOUD竊奪EV] ASC: {"result":"ok"}
[2026-01-02 10:46:37.697] [DEV竊辰LOUD] RAW: 7b 0a 09 22 6d 61 63 22 3a 09 22 32 38 39 43 36 45 33 30 39 41 42 33 22 2c 0a 09 22 63 6d 64 22 3a 09 22 77 65 61 74 68 65 72 22 0a 7d
[2026-01-02 10:46:37.697] [DEV竊辰LOUD] ASC: {\n\t"mac":\t"289C6E309AB3",\n\t"cmd":\t"weather"\n}
[2026-01-02 10:46:37.738] [CLOUD竊奪EV] RAW: 7b 22 72 65 73 75 6c 74 22 3a 22 6f 6b 22 7d
[2026-01-02 10:46:37.739] [CLOUD竊奪EV] ASC: {"result":"ok"}
[2026-01-02 10:46:40.886] [DEV竊辰LOUD] RAW: 7b 0a 09 22 6d 61 63 22 3a 09 22 32 38 39 43 36 45 33 30 39 41 42 33 22 2c 0a 09 22 63 6d 64 22 3a 09 22 77 65 61 74 68 65 72 22 0a 7d
[2026-01-02 10:46:40.886] [DEV竊辰LOUD] ASC: {\n\t"mac":\t"289C6E309AB3",\n\t"cmd":\t"weather"\n}
[2026-01-02 10:46:40.928] [CLOUD竊奪EV] RAW: 7b 22 72 65 73 75 6c 74 22 3a 22 6f 6b 22 7d
[2026-01-02 10:46:40.928] [CLOUD竊奪EV] ASC: {"result":"ok"}
[2026-01-02 10:46:44.060] [DEV竊辰LOUD] RAW: 7b 0a 09 22 6d 61 63 22 3a 09 22 32 38 39 43 36 45 33 30 39 41 42 33 22 2c 0a 09 22 63 6d 64 22 3a 09 22 77 65 61 74 68 65 72 22 0a 7d
[2026-01-02 10:46:44.060] [DEV竊辰LOUD] ASC: {\n\t"mac":\t"289C6E309AB3",\n\t"cmd":\t"weather"\n}
[2026-01-02 10:46:44.103] [CLOUD竊奪EV] RAW: 7b 22 72 65 73 75 6c 74 22 3a 22 6f 6b 22 7d
[2026-01-02 10:46:44.103] [CLOUD竊奪EV] ASC: {"result":"ok"}
[2026-01-02 10:46:47.337] [DEV竊辰LOUD] RAW: 7b 0a 09 22 6d 61 63 22 3a 09 22 32 38 39 43 36 45 33 30 39 41 42 33 22 2c 0a 09 22 63 6d 64 22 3a 09 22 77 65 61 74 68 65 72 22 0a 7d
[2026-01-02 10:46:47.337] [DEV竊辰LOUD] ASC: {\n\t"mac":\t"289C6E309AB3",\n\t"cmd":\t"weather"\n}
[2026-01-02 10:46:47.379] [CLOUD竊奪EV] RAW: 7b 22 72 65 73 75 6c 74 22 3a 22 6f 6b 22 7d
[2026-01-02 10:46:47.380] [CLOUD竊奪EV] ASC: {"result":"ok"}
[2026-01-02 10:46:50.495] [DEV竊辰LOUD] RAW: 7b 0a 09 22 6d 61 63 22 3a 09 22 32 38 39 43 36 45 33 30 39 41 42 33 22 2c 0a 09 22 63 6d 64 22 3a 09 22 77 65 61 74 68 65 72 22 0a 7d
[2026-01-02 10:46:50.495] [DEV竊辰LOUD] ASC: {\n\t"mac":\t"289C6E309AB3",\n\t"cmd":\t"weather"\n}
[2026-01-02 10:46:50.538] [CLOUD竊奪EV] RAW: 7b 22 72 65 73 75 6c 74 22 3a 22 6f 6b 22 7d
[2026-01-02 10:46:50.539] [CLOUD竊奪EV] ASC: {"result":"ok"}
[2026-01-02 10:46:50.649] [DEV竊辰LOUD] RAW: 5f 5f 68 65 61 72 74 62 65 61 74 5f 5f 0a
[2026-01-02 10:46:50.649] [DEV竊辰LOUD] ASC: __heartbeat__\n
[2026-01-02 10:46:53.676] [DEV竊辰LOUD] RAW: 7b 0a 09 22 6d 61 63 22 3a 09 22 32 38 39 43 36 45 33 30 39 41 42 33 22 2c 0a 09 22 63 6d 64 22 3a 09 22 77 65 61 74 68 65 72 22 0a 7d
[2026-01-02 10:46:53.677] [DEV竊辰LOUD] ASC: {\n\t"mac":\t"289C6E309AB3",\n\t"cmd":\t"weather"\n}
[2026-01-02 10:46:53.721] [CLOUD竊奪EV] RAW: 7b 22 72 65 73 75 6c 74 22 3a 22 6f 6b 22 7d
[2026-01-02 10:46:53.721] [CLOUD竊奪EV] ASC: {"result":"ok"}
[2026-01-02 10:46:56.859] [DEV竊辰LOUD] RAW: 7b 0a 09 22 6d 61 63 22 3a 09 22 32 38 39 43 36 45 33 30 39 41 42 33 22 2c 0a 09 22 63 6d 64 22 3a 09 22 77 65 61 74 68 65 72 22 0a 7d
[2026-01-02 10:46:56.859] [DEV竊辰LOUD] ASC: {\n\t"mac":\t"289C6E309AB3",\n\t"cmd":\t"weather"\n}
[2026-01-02 10:46:56.903] [CLOUD竊奪EV] RAW: 7b 22 72 65 73 75 6c 74 22 3a 22 6f 6b 22 7d
[2026-01-02 10:46:56.903] [CLOUD竊奪EV] ASC: {"result":"ok"}
[2026-01-02 10:47:00.034] [DEV竊辰LOUD] RAW: 7b 0a 09 22 6d 61 63 22 3a 09 22 32 38 39 43 36 45 33 30 39 41 42 33 22 2c 0a 09 22 63 6d 64 22 3a 09 22 77 65 61 74 68 65 72 22 0a 7d
[2026-01-02 10:47:00.035] [DEV竊辰LOUD] ASC: {\n\t"mac":\t"289C6E309AB3",\n\t"cmd":\t"weather"\n}
[2026-01-02 10:47:00.077] [CLOUD竊奪EV] RAW: 7b 22 72 65 73 75 6c 74 22 3a 22 6f 6b 22 7d
[2026-01-02 10:47:00.078] [CLOUD竊奪EV] ASC: {"result":"ok"}
[2026-01-02 10:47:03.209] [DEV竊辰LOUD] RAW: 7b 0a 09 22 6d 61 63 22 3a 09 22 32 38 39 43 36 45 33 30 39 41 42 33 22 2c 0a 09 22 63 6d 64 22 3a 09 22 77 65 61 74 68 65 72 22 0a 7d
[2026-01-02 10:47:03.209] [DEV竊辰LOUD] ASC: {\n\t"mac":\t"289C6E309AB3",\n\t"cmd":\t"weather"\n}
[2026-01-02 10:47:03.254] [CLOUD竊奪EV] RAW: 7b 22 72 65 73 75 6c 74 22 3a 22 6f 6b 22 7d
[2026-01-02 10:47:03.255] [CLOUD竊奪EV] ASC: {"result":"ok"}
[2026-01-02 10:47:06.486] [DEV竊辰LOUD] RAW: 7b 0a 09 22 64 69 73 5f 72 6f 6f 6d 5f 68 75 6d 69 22 3a 09 5b 36 39 2c 20 30 2c 20 30 2c 20 30 5d 2c 0a 09 22 6d 61 63 22 3a 09 22 32 38 39 43 36 45 33 30 39 41 42 33 22 2c 0a 09 22 74 69 6d 65 22 3a 09 31 37 36 37 33 35 30 38 31 30 2c 0a 09 22 65 6e 64 22 3a 09 31 0a 7d
[2026-01-02 10:47:06.486] [DEV竊辰LOUD] ASC: {\n\t"dis_room_humi":\t[69, 0, 0, 0],\n\t"mac":\t"289C6E309AB3",\n\t"time":\t1767350810,\n\t"end":\t1\n}
[2026-01-02 10:47:06.530] [CLOUD竊奪EV] RAW: 7b 22 72 65 73 75 6c 74 22 3a 22 6f 6b 22 7d
[2026-01-02 10:47:06.531] [CLOUD竊奪EV] ASC: {"result":"ok"}
[2026-01-02 10:47:09.658] [DEV竊辰LOUD] RAW: 7b 0a 09 22 6d 61 63 22 3a 09 22 32 38 39 43 36 45 33 30 39 41 42 33 22 2c 0a 09 22 63 6d 64 22 3a 09 22 77 65 61 74 68 65 72 22 0a 7d
[2026-01-02 10:47:09.658] [DEV竊辰LOUD] ASC: {\n\t"mac":\t"289C6E309AB3",\n\t"cmd":\t"weather"\n}
[2026-01-02 10:47:09.700] [CLOUD竊奪EV] RAW: 7b 22 72 65 73 75 6c 74 22 3a 22 6f 6b 22 7d
[2026-01-02 10:47:09.701] [CLOUD竊奪EV] ASC: {"result":"ok"}
[2026-01-02 10:47:12.832] [DEV竊辰LOUD] RAW: 7b 0a 09 22 6d 61 63 22 3a 09 22 32 38 39 43 36 45 33 30 39 41 42 33 22 2c 0a 09 22 63 6d 64 22 3a 09 22 77 65 61 74 68 65 72 22 0a 7d
[2026-01-02 10:47:12.833] [DEV竊辰LOUD] ASC: {\n\t"mac":\t"289C6E309AB3",\n\t"cmd":\t"weather"\n}
[2026-01-02 10:47:12.874] [CLOUD竊奪EV] RAW: 7b 22 72 65 73 75 6c 74 22 3a 22 6f 6b 22 7d
[2026-01-02 10:47:12.874] [CLOUD竊奪EV] ASC: {"result":"ok"}
[2026-01-02 10:47:15.970] [DEV竊辰LOUD] RAW: 7b 0a 09 22 6d 61 63 22 3a 09 22 32 38 39 43 36 45 33 30 39 41 42 33 22 2c 0a 09 22 63 6d 64 22 3a 09 22 77 65 61 74 68 65 72 22 0a 7d
[2026-01-02 10:47:15.970] [DEV竊辰LOUD] ASC: {\n\t"mac":\t"289C6E309AB3",\n\t"cmd":\t"weather"\n}
[2026-01-02 10:47:16.012] [CLOUD竊奪EV] RAW: 7b 22 72 65 73 75 6c 74 22 3a 22 6f 6b 22 7d
[2026-01-02 10:47:16.012] [CLOUD竊奪EV] ASC: {"result":"ok"}
[2026-01-02 10:47:19.184] [DEV竊辰LOUD] RAW: 7b 0a 09 22 64 69 73 5f 72 6f 6f 6d 5f 68 75 6d 69 22 3a 09 5b 37 30 2c 20 30 2c 20 30 2c 20 30 5d 2c 0a 09 22 6d 61 63 22 3a 09 22 32 38 39 43 36 45 33 30 39 41 42 33 22 2c 0a 09 22 74 69 6d 65 22 3a 09 31 37 36 37 33 35 30 38 32 32 2c 0a 09 22 65 6e 64 22 3a 09 31 0a 7d
[2026-01-02 10:47:19.184] [DEV竊辰LOUD] ASC: {\n\t"dis_room_humi":\t[70, 0, 0, 0],\n\t"mac":\t"289C6E309AB3",\n\t"time":\t1767350822,\n\t"end":\t1\n}
[2026-01-02 10:47:19.229] [CLOUD竊奪EV] RAW: 7b 22 72 65 73 75 6c 74 22 3a 22 6f 6b 22 7d
[2026-01-02 10:47:19.229] [CLOUD竊奪EV] ASC: {"result":"ok"}
[2026-01-02 10:47:22.402] [DEV竊辰LOUD] RAW: 7b 0a 09 22 73 79 73 5f 73 65 74 22 3a 09 7b 0a 09 09 22 63 6f 6f 6c 73 65 74 22 3a 09 32 36 30 0a 09 7d 2c 0a 09 22 6d 61 63 22 3a 09 22 32 38 39 43 36 45 33 30 39 41 42 33 22 2c 0a 09 22 74 69 6d 65 22 3a 09 31 37 36 37 33 35 30 38 32 36 2c 0a 09 22 65 6e 64 22 3a 09 31 0a 7d
[2026-01-02 10:47:22.402] [DEV竊辰LOUD] ASC: {\n\t"sys_set":\t{\n\t\t"coolset":\t260\n\t},\n\t"mac":\t"289C6E309AB3",\n\t"time":\t1767350826,\n\t"end":\t1\n}
[2026-01-02 10:47:22.444] [CLOUD竊奪EV] RAW: 7b 22 72 65 73 75 6c 74 22 3a 22 6f 6b 22 7d
[2026-01-02 10:47:22.445] [CLOUD竊奪EV] ASC: {"result":"ok"}
[2026-01-02 10:47:25.638] [DEV竊辰LOUD] RAW: 7b 0a 09 22 6d 61 63 22 3a 09 22 32 38 39 43 36 45 33 30 39 41 42 33 22 2c 0a 09 22 63 6d 64 22 3a 09 22 77 65 61 74 68 65 72 22 0a 7d
[2026-01-02 10:47:25.638] [DEV竊辰LOUD] ASC: {\n\t"mac":\t"289C6E309AB3",\n\t"cmd":\t"weather"\n}
[2026-01-02 10:47:25.681] [CLOUD竊奪EV] RAW: 7b 22 72 65 73 75 6c 74 22 3a 22 6f 6b 22 7d
[2026-01-02 10:47:25.681] [CLOUD竊奪EV] ASC: {"result":"ok"}
[2026-01-02 10:47:28.851] [DEV竊辰LOUD] RAW: 7b 0a 09 22 63 6f 6f 6c 5f 73 74 61 74 75 73 22 3a 09 30 2c 0a 09 22 64 69 73 5f 72 6f 6f 6d 5f 68 75 6d 69 22 3a 09 5b 36 39 2c 20 30 2c 20 30 2c 20 30 5d 2c 0a 09 22 6d 61 63 22 3a 09 22 32 38 39 43 36 45 33 30 39 41 42 33 22 2c 0a 09 22 74 69 6d 65 22 3a 09 31 37 36 37 33 35 30 38 33 32 2c 0a 09 22 65 6e 64 22 3a 09 31 0a 7d
[2026-01-02 10:47:28.852] [DEV竊辰LOUD] ASC: {\n\t"cool_status":\t0,\n\t"dis_room_humi":\t[69, 0, 0, 0],\n\t"mac":\t"289C6E309AB3",\n\t"time":\t1767350832,\n\t"end":\t1\n}
[2026-01-02 10:47:28.895] [CLOUD竊奪EV] RAW: 7b 22 72 65 73 75 6c 74 22 3a 22 6f 6b 22 7d
[2026-01-02 10:47:28.896] [CLOUD竊奪EV] ASC: {"result":"ok"}
[2026-01-02 10:47:32.086] [DEV竊辰LOUD] RAW: 7b 0a 09 22 73 79 73 5f 73 65 74 22 3a 09 7b 0a 09 09 22 61 75 74 6f 6f 66 66 74 69 6d 65 22 3a 09 31 37 36 37 33 35 34 34 33 35 0a 09 7d 2c 0a 09 22 6d 61 63 22 3a 09 22 32 38 39 43 36 45 33 30 39 41 42 33 22 2c 0a 09 22 74 69 6d 65 22 3a 09 31 37 36 37 33 35 30 38 33 35 2c 0a 09 22 65 6e 64 22 3a 09 31 0a 7d
[2026-01-02 10:47:32.086] [DEV竊辰LOUD] ASC: {\n\t"sys_set":\t{\n\t\t"autoofftime":\t1767354435\n\t},\n\t"mac":\t"289C6E309AB3",\n\t"time":\t1767350835,\n\t"end":\t1\n}
[2026-01-02 10:47:32.132] [CLOUD竊奪EV] RAW: 7b 22 72 65 73 75 6c 74 22 3a 22 6f 6b 22 7d
[2026-01-02 10:47:32.132] [CLOUD竊奪EV] ASC: {"result":"ok"}
[2026-01-02 10:47:35.259] [DEV竊辰LOUD] RAW: 7b 0a 09 22 6d 61 63 22 3a 09 22 32 38 39 43 36 45 33 30 39 41 42 33 22 2c 0a 09 22 63 6d 64 22 3a 09 22 77 65 61 74 68 65 72 22 0a 7d
[2026-01-02 10:47:35.259] [DEV竊辰LOUD] ASC: {\n\t"mac":\t"289C6E309AB3",\n\t"cmd":\t"weather"\n}
[2026-01-02 10:47:35.303] [CLOUD竊奪EV] RAW: 7b 22 72 65 73 75 6c 74 22 3a 22 6f 6b 22 7d
[2026-01-02 10:47:35.304] [CLOUD竊奪EV] ASC: {"result":"ok"}
[2026-01-02 10:47:38.413] [DEV竊辰LOUD] RAW: 7b 0a 09 22 6d 61 63 22 3a 09 22 32 38 39 43 36 45 33 30 39 41 42 33 22 2c 0a 09 22 63 6d 64 22 3a 09 22 77 65 61 74 68 65 72 22 0a 7d
[2026-01-02 10:47:38.413] [DEV竊辰LOUD] ASC: {\n\t"mac":\t"289C6E309AB3",\n\t"cmd":\t"weather"\n}
[2026-01-02 10:47:38.453] [CLOUD竊奪EV] RAW: 7b 22 72 65 73 75 6c 74 22 3a 22 6f 6b 22 7d
[2026-01-02 10:47:38.454] [CLOUD竊奪EV] ASC: {"result":"ok"}
[2026-01-02 10:47:41.608] [DEV竊辰LOUD] RAW: 7b 0a 09 22 6d 61 63 22 3a 09 22 32 38 39 43 36 45 33 30 39 41 42 33 22 2c 0a 09 22 63 6d 64 22 3a 09 22 77 65 61 74 68 65 72 22 0a 7d
[2026-01-02 10:47:41.609] [DEV竊辰LOUD] ASC: {\n\t"mac":\t"289C6E309AB3",\n\t"cmd":\t"weather"\n}
[2026-01-02 10:47:41.650] [CLOUD竊奪EV] RAW: 7b 22 72 65 73 75 6c 74 22 3a 22 6f 6b 22 7d
[2026-01-02 10:47:41.651] [CLOUD竊奪EV] ASC: {"result":"ok"}
[2026-01-02 10:47:44.784] [DEV竊辰LOUD] RAW: 7b 0a 09 22 6d 61 63 22 3a 09 22 32 38 39 43 36 45 33 30 39 41 42 33 22 2c 0a 09 22 63 6d 64 22 3a 09 22 77 65 61 74 68 65 72 22 0a 7d
[2026-01-02 10:47:44.784] [DEV竊辰LOUD] ASC: {\n\t"mac":\t"289C6E309AB3",\n\t"cmd":\t"weather"\n}
[2026-01-02 10:47:44.828] [CLOUD竊奪EV] RAW: 7b 22 72 65 73 75 6c 74 22 3a 22 6f 6b 22 7d
[2026-01-02 10:47:44.828] [CLOUD竊奪EV] ASC: {"result":"ok"}
[2026-01-02 10:47:47.936] [DEV竊辰LOUD] RAW: 7b 0a 09 22 6d 61 63 22 3a 09 22 32 38 39 43 36 45 33 30 39 41 42 33 22 2c 0a 09 22 63 6d 64 22 3a 09 22 77 65 61 74 68 65 72 22 0a 7d
[2026-01-02 10:47:47.937] [DEV竊辰LOUD] ASC: {\n\t"mac":\t"289C6E309AB3",\n\t"cmd":\t"weather"\n}
[2026-01-02 10:47:47.985] [CLOUD竊奪EV] RAW: 7b 22 72 65 73 75 6c 74 22 3a 22 6f 6b 22 7d
[2026-01-02 10:47:47.985] [CLOUD竊奪EV] ASC: {"result":"ok"}
[2026-01-02 10:47:50.720] [DEV竊辰LOUD] RAW: 5f 5f 68 65 61 72 74 62 65 61 74 5f 5f 0a
[2026-01-02 10:47:50.721] [DEV竊辰LOUD] ASC: __heartbeat__\n
[2026-01-02 10:47:51.132] [DEV竊辰LOUD] RAW: 7b 0a 09 22 6d 61 63 22 3a 09 22 32 38 39 43 36 45 33 30 39 41 42 33 22 2c 0a 09 22 63 6d 64 22 3a 09 22 77 65 61 74 68 65 72 22 0a 7d
[2026-01-02 10:47:51.133] [DEV竊辰LOUD] ASC: {\n\t"mac":\t"289C6E309AB3",\n\t"cmd":\t"weather"\n}
[2026-01-02 10:47:51.174] [CLOUD竊奪EV] RAW: 7b 22 72 65 73 75 6c 74 22 3a 22 6f 6b 22 7d
[2026-01-02 10:47:51.174] [CLOUD竊奪EV] ASC: {"result":"ok"}
[2026-01-02 10:47:54.359] [DEV竊辰LOUD] RAW: 7b 0a 09 22 6d 61 63 22 3a 09 22 32 38 39 43 36 45 33 30 39 41 42 33 22 2c 0a 09 22 63 6d 64 22 3a 09 22 77 65 61 74 68 65 72 22 0a 7d
[2026-01-02 10:47:54.359] [DEV竊辰LOUD] ASC: {\n\t"mac":\t"289C6E309AB3",\n\t"cmd":\t"weather"\n}
[2026-01-02 10:47:54.401] [CLOUD竊奪EV] RAW: 7b 22 72 65 73 75 6c 74 22 3a 22 6f 6b 22 7d
[2026-01-02 10:47:54.402] [CLOUD竊奪EV] ASC: {"result":"ok"}
[2026-01-02 10:47:57.582] [DEV竊辰LOUD] RAW: 7b 0a 09 22 6d 61 63 22 3a 09 22 32 38 39 43 36 45 33 30 39 41 42 33 22 2c 0a 09 22 63 6d 64 22 3a 09 22 77 65 61 74 68 65 72 22 0a 7d
[2026-01-02 10:47:57.582] [DEV竊辰LOUD] ASC: {\n\t"mac":\t"289C6E309AB3",\n\t"cmd":\t"weather"\n}
[2026-01-02 10:47:57.623] [CLOUD竊奪EV] RAW: 7b 22 72 65 73 75 6c 74 22 3a 22 6f 6b 22 7d
[2026-01-02 10:47:57.624] [CLOUD竊奪EV] ASC: {"result":"ok"}
[2026-01-02 10:48:00.737] [DEV竊辰LOUD] RAW: 7b 0a 09 22 6d 61 63 22 3a 09 22 32 38 39 43 36 45 33 30 39 41 42 33 22 2c 0a 09 22 63 6d 64 22 3a 09 22 77 65 61 74 68 65 72 22 0a 7d
[2026-01-02 10:48:00.738] [DEV竊辰LOUD] ASC: {\n\t"mac":\t"289C6E309AB3",\n\t"cmd":\t"weather"\n}
[2026-01-02 10:48:00.779] [CLOUD竊奪EV] RAW: 7b 22 72 65 73 75 6c 74 22 3a 22 6f 6b 22 7d
[2026-01-02 10:48:00.780] [CLOUD竊奪EV] ASC: {"result":"ok"}
[2026-01-02 10:48:03.933] [DEV竊辰LOUD] RAW: 7b 0a 09 22 6d 61 63 22 3a 09 22 32 38 39 43 36 45 33 30 39 41 42 33 22 2c 0a 09 22 63 6d 64 22 3a 09 22 77 65 61 74 68 65 72 22 0a 7d
[2026-01-02 10:48:03.933] [DEV竊辰LOUD] ASC: {\n\t"mac":\t"289C6E309AB3",\n\t"cmd":\t"weather"\n}
[2026-01-02 10:48:03.988] [CLOUD竊奪EV] RAW: 7b 22 72 65 73 75 6c 74 22 3a 22 6f 6b 22 7d
[2026-01-02 10:48:03.988] [CLOUD竊奪EV] ASC: {"result":"ok"}
[2026-01-02 10:52:05.354] [CLOUD竊奪EV] RAW: 7b 22 65 71 75 69 70 5f 6d 6f 64 65 22 3a 30 2c 22 4d 73 67 49 44 22 3a 22 32 30 32 36 30 31 30 32 31 31 34 39 34 39 22 7d
[2026-01-02 10:52:05.354] [CLOUD竊奪EV] ASC: {"equip_mode":0,"MsgID":"20260102114949"}
[2026-01-02 10:52:05.401] [CLOUD竊奪EV] RAW: 7b 22 65 71 75 69 70 5f 6d 6f 64 65 22 3a 31 2c 22 4d 73 67 49 44 22 3a 22 32 30 32 36 30 31 30 32 31 31 35 30 30 31 22 2c 22 6c 6f 63 61 6c 5f 74 69 6d 65 22 3a 22 32 30 32 36 30 31 30 32 31 30 35 30 22 7d 7b 22 65 71 75 69 70 5f 6d 6f 64 65 22 3a 31 2c 22 4d 73 67 49 44 22 3a 22 32 30 32 36 30 31 30 32 31 31 35 30 32 35 22 2c 22 6c 6f 63 61 6c 5f 74 69 6d 65 22 3a 22 32 30 32 36 30 31 30 32 31 30 35 30 22 2c 22 66 61 6e 5f 73 70 65 65 64 22 3a 33 2c 22 66 61 6e 5f 6d 6f 64 65 22 3a 31 7d 7b 22 65 71 75 69 70 5f 6d 6f 64 65 22 3a 31 2c 22 4d 73 67 49 44 22 3a 22 32 30 32 36 30 31 30 32 31 31 35 30 34 30 22 2c 22 6c 6f 63 61 6c 5f 74 69 6d 65 22 3a 22 32 30 32 36 30 31 30 32 31 30 35 30 22 2c 22 66 61 6e 5f 73 70 65 65 64 22 3a 32 2c 22 66 61 6e 5f 6d 6f 64 65 22 3a 31 7d 7b 22 65 71 75 69 70 5f 6d 6f 64 65 22 3a 31 2c 22 4d 73 67 49 44 22 3a 22 32 30 32 36 30 31 30 32 31 31 35 30 35 39 22 2c 22 6c 6f 63 61 6c 5f 74 69 6d 65 22 3a 22 32 30 32 36 30 31 30 32 31 30 35 30 22 2c 22 66 61 6e 5f 73 70 65 65 64 22 3a 30 2c 22 66 61 6e 5f 6d 6f 64 65 22 3a 30 7d 7b 22 65 71 75 69 70 5f 6d 6f 64 65 22 3a 31 2c 22 4d 73 67 49 44 22 3a 22 32 30 32 36 30 31 30 32 31 31 35 30 35 39 22 2c 22 6c 6f 63 61 6c 5f 74 69 6d 65 22 3a 22 32 30 32 36 30 31 30 32 31 30 35 30 22 2c 22 66 61 6e 5f 73 70 65 65 64 22 3a 30 2c 22 66 61 6e 5f 6d 6f 64 65 22 3a 30 7d 7b 22 65 71 75 69 70 5f 6d 6f 64 65 22 3a 31 2c 22 4d 73 67 49 44 22 3a 22 32 30 32 36 30 31 30 32 31 31 35 31 31 39 22 2c 22 6c 6f 63 61 6c 5f 74 69 6d 65 22 3a 22 32 30 32 36 30 31 30 32 31 30 35 30 22 2c 22 66 61 6e 5f 73 70 65 65 64 22 3a 30 2c 22 66 61 6e 5f 6d 6f 64 65 22 3a 30 2c 22 73 79 73 5f 73 65 74 22 3a 7b 22 68 65 61 74 73 65 74 22 3a 31 38 35 2c 22 63 6f 6f 6c 73 65 74 22 3a 32 36 30 2c 22 70 72 6f 67 65 6e 22 3a 30 2c 22 6f 76 72 64 74 69 6d 65 22 3a 30 2c 22 61 75 74 6f 6f 66 66 74 69 6d 65 22 3a 31 37 36 37 33 35 34 34 33 35 7d 7d 7b 22 65 71 75 69 70 5f 6d 6f 64 65 22 3a 33 2c 22 4d 73 67 49 44 22 3a 22 32 30 32 36 30 31 30 32 31 31 35 31 33 36 22 2c 22 6c 6f 63 61 6c 5f 74 69 6d 65 22 3a 22 32 30 32 36 30 31 30 32 31 30 35 30 22 2c 22 66 61 6e 5f 73 70 65 65 64 22 3a 30 2c 22 66 61 6e 5f 6d 6f 64 65 22 3a 30 2c 22 73 79 73 5f 73 65 74 22 3a 7b 22 68 65 61 74 73 65 74 22 3a 31 38 35 2c 22 63 6f 6f 6c 73 65 74 22 3a 32 37 35 2c 22 70 72 6f 67 65 6e 22 3a 30 2c 22 6f 76 72 64 74 69 6d 65 22 3a 30 2c 22 61 75 74 6f 6f 66 66 74 69 6d 65 22 3a 31 37 36 37 33 35 34 34 33 35 7d 7d 7b 22 65 71 75 69 70 5f 6d 6f 64 65 22 3a 30 2c 22 4d 73 67 49 44 22 3a 22 32 30 32 36 30 31 30 32 31 31 35 31 35 32 22 2c 22 6c 6f 63 61 6c 5f 74 69 6d 65 22 3a 22 32 30 32 36 30 31 30 32 31 30 35 30 22 2c 22 66 61 6e 5f 73 70 65 65 64 22 3a 30 2c 22 66 61 6e 5f 6d 6f 64 65 22 3a 30 2c 22 73 79 73 5f 73 65 74 22 3a 7b 22 68 65 61 74 73 65 74 22 3a 31 38 35 2c 22 63 6f 6f 6c 73 65 74 22 3a 32 37 35 2c 22 70 72 6f 67 65 6e 22 3a 30 2c 22 6f 76 72 64 74 69 6d 65 22 3a 30 2c 22 61 75 74 6f 6f 66 66 74 69 6d 65 22 3a 31 37 36 37 33 35 34 34 33 35 7d 7d
[2026-01-02 10:52:05.401] [CLOUD竊奪EV] ASC: {"equip_mode":1,"MsgID":"20260102115001","local_time":"202601021050"}{"equip_mode":1,"MsgID":"20260102115025","local_time":"202601021050","fan_speed":3,"fan_mode":1}{"equip_mode":1,"MsgID":"20260102115040","local_time":"202601021050","fan_speed":2,"fan_mode":1}{"equip_mode":1,"MsgID":"20260102115059","local_time":"202601021050","fan_speed":0,"fan_mode":0}{"equip_mode":1,"MsgID":"20260102115059","local_time":"202601021050","fan_speed":0,"fan_mode":0}{"equip_mode":1,"MsgID":"20260102115119","local_time":"202601021050","fan_speed":0,"fan_mode":0,"sys_set":{"heatset":185,"coolset":260,"progen":0,"ovrdtime":0,"autoofftime":1767354435}}{"equip_mode":3,"MsgID":"20260102115136","local_time":"202601021050","fan_speed":0,"fan_mode":0,"sys_set":{"heatset":185,"coolset":275,"progen":0,"ovrdtime":0,"autoofftime":1767354435}}{"equip_mode":0,"MsgID":"20260102115152","local_time":"202601021050","fan_speed":0,"fan_mode":0,"sys_set":{"heatset":185,"coolset":275,"progen":0,"ovrdtime":0,"autoofftime":1767354435}}
[2026-01-02 10:52:08.873] [DEV竊辰LOUD] Error: [Errno 54] Connection reset by peer
[2026-01-02 10:52:08.875] [NEW CONN] ('192.168.0.17', 53589)
[2026-01-02 10:52:08.919] [DEV竊辰LOUD] RAW: 53 55 42 20 32 38 39 43 36 45 33 30 39 41 42 33 0a
[2026-01-02 10:52:08.919] [DEV竊辰LOUD] ASC: SUB 289C6E309AB3\n
[2026-01-02 10:52:14.967] [CLOUD竊奪EV] RAW: 7b 22 65 71 75 69 70 5f 6d 6f 64 65 22 3a 30 2c 22 4d 73 67 49 44 22 3a 22 32 30 32 36 30 31 30 32 31 31 35 31 35 32 22 2c 22 6c 6f 63 61 6c 5f 74 69 6d 65 22 3a 22 32 30 32 36 30 31 30 32 31 30 35 30 22 2c 22 66 61 6e 5f 73 70 65 65 64 22 3a 30 2c 22 66 61 6e 5f 6d 6f 64 65 22 3a 30 2c 22 73 79 73 5f 73 65 74 22 3a 7b 22 68 65 61 74 73 65 74 22 3a 31 38 35 2c 22 63 6f 6f 6c 73 65 74 22 3a 32 37 35 2c 22 70 72 6f 67 65 6e 22 3a 30 2c 22 6f 76 72 64 74 69 6d 65 22 3a 30 2c 22 61 75 74 6f 6f 66 66 74 69 6d 65 22 3a 31 37 36 37 33 35 34 34 33 35 7d 7d
[2026-01-02 10:52:14.967] [CLOUD竊奪EV] ASC: {"equip_mode":0,"MsgID":"20260102115152","local_time":"202601021050","fan_speed":0,"fan_mode":0,"sys_set":{"heatset":185,"coolset":275,"progen":0,"ovrdtime":0,"autoofftime":1767354435}}
[2026-01-02 10:52:15.412] [CLOUD竊奪EV] Error: timed out
[2026-01-02 10:52:16.462] [DEV竊辰LOUD] RAW: 7b 0a 09 22 65 71 75 69 70 5f 6d 6f 64 65 22 3a 09 30 2c 0a 09 22 4d 73 67 49 44 22 3a 09 22 32 30 32 36 30 31 30 32 31 31 35 31 35 32 22 2c 0a 09 22 6c 6f 63 61 6c 5f 74 69 6d 65 22 3a 09 22 32 30 32 36 30 31 30 32 31 30 35 30 22 2c 0a 09 22 66 61 6e 5f 73 70 65 65 64 22 3a 09 30 2c 0a 09 22 66 61 6e 5f 6d 6f 64 65 22 3a 09 30 2c 0a 09 22 73 79 73 5f 73 65 74 22 3a 09 7b 0a 09 09 22 68 65 61 74 73 65 74 22 3a 09 31 38 35 2c 0a 09 09 22 63 6f 6f 6c 73 65 74 22 3a 09 32 37 35 2c 0a 09 09 22 70 72 6f 67 65 6e 22 3a 09 30 2c 0a 09 09 22 6f 76 72 64 74 69 6d 65 22 3a 09 30 2c 0a 09 09 22 61 75 74 6f 6f 66 66 74 69 6d 65 22 3a 09 31 37 36 37 33 35 34 34 33 35 0a 09 7d 2c 0a 09 22 6d 61 63 22 3a 09 22 32 38 39 43 36 45 33 30 39 41 42 33 22 0a 7d
[2026-01-02 10:52:16.463] [DEV竊辰LOUD] ASC: {\n\t"equip_mode":\t0,\n\t"MsgID":\t"20260102115152",\n\t"local_time":\t"202601021050",\n\t"fan_speed":\t0,\n\t"fan_mode":\t0,\n\t"sys_set":\t{\n\t\t"heatset":\t185,\n\t\t"coolset":\t275,\n\t\t"progen":\t0,\n\t\t"ovrdtime":\t0,\n\t\t"autoofftime":\t1767354435\n\t},\n\t"mac":\t"289C6E309AB3"\n}
[2026-01-02 10:52:18.716] [DEV竊辰LOUD] RAW: 7b 0a 09 22 65 71 75 69 70 5f 6d 6f 64 65 22 3a 09 30 2c 0a 09 22 66 61 6e 5f 73 70 65 65 64 22 3a 09 30 2c 0a 09 22 73 79 73 5f 73 65 74 22 3a 09 7b 0a 09 09 22 68 65 61 74 73 65 74 22 3a 09 31 38 35 2c 0a 09 09 22 63 6f 6f 6c 73 65 74 22 3a 09 32 37 35 0a 09 7d 2c 0a 09 22 6d 61 63 22 3a 09 22 32 38 39 43 36 45 33 30 39 41 42 33 22 2c 0a 09 22 74 69 6d 65 22 3a 09 31 37 36 37 33 35 31 30 30 32 2c 0a 09 22 65 6e 64 22 3a 09 31 0a 7d
[2026-01-02 10:52:18.717] [DEV竊辰LOUD] ASC: {\n\t"equip_mode":\t0,\n\t"fan_speed":\t0,\n\t"sys_set":\t{\n\t\t"heatset":\t185,\n\t\t"coolset":\t275\n\t},\n\t"mac":\t"289C6E309AB3",\n\t"time":\t1767351002,\n\t"end":\t1\n}
[2026-01-02 10:52:18.761] [CLOUD竊奪EV] RAW: 7b 22 72 65 73 75 6c 74 22 3a 22 6f 6b 22 7d
[2026-01-02 10:52:18.761] [CLOUD竊奪EV] ASC: {"result":"ok"}
[2026-01-02 10:52:21.933] [DEV竊辰LOUD] RAW: 7b 0a 09 22 66 61 6e 5f 73 74 61 74 75 73 22 3a 09 30 2c 0a 09 22 64 69 73 5f 72 6f 6f 6d 5f 68 75 6d 69 22 3a 09 5b 36 37 2c 20 30 2c 20 30 2c 20 30 5d 2c 0a 09 22 6d 61 63 22 3a 09 22 32 38 39 43 36 45 33 30 39 41 42 33 22 2c 0a 09 22 74 69 6d 65 22 3a 09 31 37 36 37 33 35 31 30 30 35 2c 0a 09 22 65 6e 64 22 3a 09 31 0a 7d
[2026-01-02 10:52:21.933] [DEV竊辰LOUD] ASC: {\n\t"fan_status":\t0,\n\t"dis_room_humi":\t[67, 0, 0, 0],\n\t"mac":\t"289C6E309AB3",\n\t"time":\t1767351005,\n\t"end":\t1\n}
[2026-01-02 10:52:21.988] [CLOUD竊奪EV] RAW: 7b 22 72 65 73 75 6c 74 22 3a 22 6f 6b 22 7d
[2026-01-02 10:52:21.988] [CLOUD竊奪EV] ASC: {"result":"ok"}
[2026-01-02 10:52:25.120] [DEV竊辰LOUD] RAW: 7b 0a 09 22 6d 61 63 22 3a 09 22 32 38 39 43 36 45 33 30 39 41 42 33 22 2c 0a 09 22 63 6d 64 22 3a 09 22 77 65 61 74 68 65 72 22 0a 7d
[2026-01-02 10:52:25.120] [DEV竊辰LOUD] ASC: {\n\t"mac":\t"289C6E309AB3",\n\t"cmd":\t"weather"\n}
[2026-01-02 10:52:25.261] [CLOUD竊奪EV] RAW: 7b 22 72 65 73 75 6c 74 22 3a 22 6f 6b 22 7d
[2026-01-02 10:52:25.262] [CLOUD竊奪EV] ASC: {"result":"ok"}
[2026-01-02 10:52:28.432] [DEV竊辰LOUD] RAW: 7b 0a 09 22 6d 61 63 22 3a 09 22 32 38 39 43 36 45 33 30 39 41 42 33 22 2c 0a 09 22 63 6d 64 22 3a 09 22 77 65 61 74 68 65 72 22 0a 7d
[2026-01-02 10:52:28.433] [DEV竊辰LOUD] ASC: {\n\t"mac":\t"289C6E309AB3",\n\t"cmd":\t"weather"\n}
[2026-01-02 10:52:28.524] [CLOUD竊奪EV] RAW: 7b 22 72 65 73 75 6c 74 22 3a 22 6f 6b 22 7d
[2026-01-02 10:52:28.524] [CLOUD竊奪EV] ASC: {"result":"ok"}
[2026-01-02 10:52:31.647] [DEV竊辰LOUD] RAW: 7b 0a 09 22 6d 61 63 22 3a 09 22 32 38 39 43 36 45 33 30 39 41 42 33 22 2c 0a 09 22 63 6d 64 22 3a 09 22 77 65 61 74 68 65 72 22 0a 7d
[2026-01-02 10:52:31.648] [DEV竊辰LOUD] ASC: {\n\t"mac":\t"289C6E309AB3",\n\t"cmd":\t"weather"\n}
[2026-01-02 10:52:31.691] [CLOUD竊奪EV] RAW: 7b 22 72 65 73 75 6c 74 22 3a 22 6f 6b 22 7d
[2026-01-02 10:52:31.691] [CLOUD竊奪EV] ASC: {"result":"ok"}
[2026-01-02 10:52:34.789] [DEV竊辰LOUD] RAW: 7b 0a 09 22 6d 61 63 22 3a 09 22 32 38 39 43 36 45 33 30 39 41 42 33 22 2c 0a 09 22 63 6d 64 22 3a 09 22 77 65 61 74 68 65 72 22 0a 7d
[2026-01-02 10:52:34.790] [DEV竊辰LOUD] ASC: {\n\t"mac":\t"289C6E309AB3",\n\t"cmd":\t"weather"\n}
[2026-01-02 10:52:34.832] [CLOUD竊奪EV] RAW: 7b 22 72 65 73 75 6c 74 22 3a 22 6f 6b 22 7d
[2026-01-02 10:52:34.832] [CLOUD竊奪EV] ASC: {"result":"ok"}
[2026-01-02 10:52:37.979] [DEV竊辰LOUD] RAW: 7b 0a 09 22 6d 61 63 22 3a 09 22 32 38 39 43 36 45 33 30 39 41 42 33 22 2c 0a 09 22 63 6d 64 22 3a 09 22 77 65 61 74 68 65 72 22 0a 7d
[2026-01-02 10:52:37.979] [DEV竊辰LOUD] ASC: {\n\t"mac":\t"289C6E309AB3",\n\t"cmd":\t"weather"\n}
[2026-01-02 10:52:38.020] [CLOUD竊奪EV] RAW: 7b 22 72 65 73 75 6c 74 22 3a 22 6f 6b 22 7d
[2026-01-02 10:52:38.020] [CLOUD竊奪EV] ASC: {"result":"ok"}
[2026-01-02 10:52:41.126] [DEV竊辰LOUD] RAW: 7b 0a 09 22 6d 61 63 22 3a 09 22 32 38 39 43 36 45 33 30 39 41 42 33 22 2c 0a 09 22 63 6d 64 22 3a 09 22 77 65 61 74 68 65 72 22 0a 7d
[2026-01-02 10:52:41.126] [DEV竊辰LOUD] ASC: {\n\t"mac":\t"289C6E309AB3",\n\t"cmd":\t"weather"\n}
[2026-01-02 10:52:41.169] [CLOUD竊奪EV] RAW: 7b 22 72 65 73 75 6c 74 22 3a 22 6f 6b 22 7d
[2026-01-02 10:52:41.170] [CLOUD竊奪EV] ASC: {"result":"ok"}
[2026-01-02 10:52:44.326] [DEV竊辰LOUD] RAW: 7b 0a 09 22 6d 61 63 22 3a 09 22 32 38 39 43 36 45 33 30 39 41 42 33 22 2c 0a 09 22 63 6d 64 22 3a 09 22 77 65 61 74 68 65 72 22 0a 7d
[2026-01-02 10:52:44.326] [DEV竊辰LOUD] ASC: {\n\t"mac":\t"289C6E309AB3",\n\t"cmd":\t"weather"\n}
[2026-01-02 10:52:44.375] [CLOUD竊奪EV] RAW: 7b 22 72 65 73 75 6c 74 22 3a 22 6f 6b 22 7d
[2026-01-02 10:52:44.375] [CLOUD竊奪EV] ASC: {"result":"ok"}
[2026-01-02 10:52:47.501] [DEV竊辰LOUD] RAW: 7b 0a 09 22 6d 61 63 22 3a 09 22 32 38 39 43 36 45 33 30 39 41 42 33 22 2c 0a 09 22 63 6d 64 22 3a 09 22 77 65 61 74 68 65 72 22 0a 7d
[2026-01-02 10:52:47.502] [DEV竊辰LOUD] ASC: {\n\t"mac":\t"289C6E309AB3",\n\t"cmd":\t"weather"\n}
[2026-01-02 10:52:47.544] [CLOUD竊奪EV] RAW: 7b 22 72 65 73 75 6c 74 22 3a 22 6f 6b 22 7d
[2026-01-02 10:52:47.545] [CLOUD竊奪EV] ASC: {"result":"ok"}
[2026-01-02 10:52:50.671] [DEV竊辰LOUD] RAW: 7b 0a 09 22 6d 61 63 22 3a 09 22 32 38 39 43 36 45 33 30 39 41 42 33 22 2c 0a 09 22 63 6d 64 22 3a 09 22 77 65 61 74 68 65 72 22 0a 7d
[2026-01-02 10:52:50.671] [DEV竊辰LOUD] ASC: {\n\t"mac":\t"289C6E309AB3",\n\t"cmd":\t"weather"\n}
[2026-01-02 10:52:50.713] [CLOUD竊奪EV] RAW: 7b 22 72 65 73 75 6c 74 22 3a 22 6f 6b 22 7d
[2026-01-02 10:52:50.713] [CLOUD竊奪EV] ASC: {"result":"ok"}
[2026-01-02 10:52:53.953] [DEV竊辰LOUD] RAW: 7b 0a 09 22 6d 61 63 22 3a 09 22 32 38 39 43 36 45 33 30 39 41 42 33 22 2c 0a 09 22 63 6d 64 22 3a 09 22 77 65 61 74 68 65 72 22 0a 7d
[2026-01-02 10:52:53.953] [DEV竊辰LOUD] ASC: {\n\t"mac":\t"289C6E309AB3",\n\t"cmd":\t"weather"\n}
[2026-01-02 10:52:54.001] [CLOUD竊奪EV] RAW: 7b 22 72 65 73 75 6c 74 22 3a 22 6f 6b 22 7d
[2026-01-02 10:52:54.001] [CLOUD竊奪EV] ASC: {"result":"ok"}
[2026-01-02 10:52:57.128] [DEV竊辰LOUD] RAW: 7b 0a 09 22 6d 61 63 22 3a 09 22 32 38 39 43 36 45 33 30 39 41 42 33 22 2c 0a 09 22 63 6d 64 22 3a 09 22 77 65 61 74 68 65 72 22 0a 7d
[2026-01-02 10:52:57.128] [DEV竊辰LOUD] ASC: {\n\t"mac":\t"289C6E309AB3",\n\t"cmd":\t"weather"\n}
[2026-01-02 10:52:57.170] [CLOUD竊奪EV] RAW: 7b 22 72 65 73 75 6c 74 22 3a 22 6f 6b 22 7d
[2026-01-02 10:52:57.171] [CLOUD竊奪EV] ASC: {"result":"ok"}
[2026-01-02 10:53:00.295] [DEV竊辰LOUD] RAW: 7b 0a 09 22 6d 61 63 22 3a 09 22 32 38 39 43 36 45 33 30 39 41 42 33 22 2c 0a 09 22 63 6d 64 22 3a 09 22 77 65 61 74 68 65 72 22 0a 7d
[2026-01-02 10:53:00.295] [DEV竊辰LOUD] ASC: {\n\t"mac":\t"289C6E309AB3",\n\t"cmd":\t"weather"\n}
[2026-01-02 10:53:00.339] [CLOUD竊奪EV] RAW: 7b 22 72 65 73 75 6c 74 22 3a 22 6f 6b 22 7d
[2026-01-02 10:53:00.339] [CLOUD竊奪EV] ASC: {"result":"ok"}
[2026-01-02 10:53:03.479] [DEV竊辰LOUD] RAW: 7b 0a 09 22 6d 61 63 22 3a 09 22 32 38 39 43 36 45 33 30 39 41 42 33 22 2c 0a 09 22 63 6d 64 22 3a 09 22 77 65 61 74 68 65 72 22 0a 7d
[2026-01-02 10:53:03.480] [DEV竊辰LOUD] ASC: {\n\t"mac":\t"289C6E309AB3",\n\t"cmd":\t"weather"\n}
[2026-01-02 10:53:03.521] [CLOUD竊奪EV] RAW: 7b 22 72 65 73 75 6c 74 22 3a 22 6f 6b 22 7d
[2026-01-02 10:53:03.522] [CLOUD竊奪EV] ASC: {"result":"ok"}
[2026-01-02 10:53:06.652] [DEV竊辰LOUD] RAW: 7b 0a 09 22 6d 61 63 22 3a 09 22 32 38 39 43 36 45 33 30 39 41 42 33 22 2c 0a 09 22 63 6d 64 22 3a 09 22 77 65 61 74 68 65 72 22 0a 7d
[2026-01-02 10:53:06.652] [DEV竊辰LOUD] ASC: {\n\t"mac":\t"289C6E309AB3",\n\t"cmd":\t"weather"\n}
[2026-01-02 10:53:06.694] [CLOUD竊奪EV] RAW: 7b 22 72 65 73 75 6c 74 22 3a 22 6f 6b 22 7d
[2026-01-02 10:53:06.694] [CLOUD竊奪EV] ASC: {"result":"ok"}
[2026-01-02 10:53:09.009] [DEV竊辰LOUD] RAW: 5f 5f 68 65 61 72 74 62 65 61 74 5f 5f 0a
[2026-01-02 10:53:09.010] [DEV竊辰LOUD] ASC: __heartbeat__\n
[2026-01-02 10:53:09.931] [DEV竊辰LOUD] RAW: 7b 0a 09 22 6d 61 63 22 3a 09 22 32 38 39 43 36 45 33 30 39 41 42 33 22 2c 0a 09 22 63 6d 64 22 3a 09 22 77 65 61 74 68 65 72 22 0a 7d
[2026-01-02 10:53:09.931] [DEV竊辰LOUD] ASC: {\n\t"mac":\t"289C6E309AB3",\n\t"cmd":\t"weather"\n}
[2026-01-02 10:53:10.004] [CLOUD竊奪EV] RAW: 7b 22 72 65 73 75 6c 74 22 3a 22 6f 6b 22 7d
[2026-01-02 10:53:10.004] [CLOUD竊奪EV] ASC: {"result":"ok"}
[2026-01-02 10:53:13.188] [DEV竊辰LOUD] RAW: 7b 0a 09 22 6d 61 63 22 3a 09 22 32 38 39 43 36 45 33 30 39 41 42 33 22 2c 0a 09 22 63 6d 64 22 3a 09 22 77 65 61 74 68 65 72 22 0a 7d
[2026-01-02 10:53:13.189] [DEV竊辰LOUD] ASC: {\n\t"mac":\t"289C6E309AB3",\n\t"cmd":\t"weather"\n}
[2026-01-02 10:53:13.235] [CLOUD竊奪EV] RAW: 7b 22 72 65 73 75 6c 74 22 3a 22 6f 6b 22 7d
[2026-01-02 10:53:13.235] [CLOUD竊奪EV] ASC: {"result":"ok"}
[2026-01-02 10:53:16.382] [DEV竊辰LOUD] RAW: 7b 0a 09 22 6d 61 63 22 3a 09 22 32 38 39 43 36 45 33 30 39 41 42 33 22 2c 0a 09 22 63 6d 64 22 3a 09 22 77 65 61 74 68 65 72 22 0a 7d
[2026-01-02 10:53:16.382] [DEV竊辰LOUD] ASC: {\n\t"mac":\t"289C6E309AB3",\n\t"cmd":\t"weather"\n}
[2026-01-02 10:53:16.424] [CLOUD竊奪EV] RAW: 7b 22 72 65 73 75 6c 74 22 3a 22 6f 6b 22 7d
[2026-01-02 10:53:16.424] [CLOUD竊奪EV] ASC: {"result":"ok"}
[2026-01-02 10:53:19.557] [DEV竊辰LOUD] RAW: 7b 0a 09 22 6d 61 63 22 3a 09 22 32 38 39 43 36 45 33 30 39 41 42 33 22 2c 0a 09 22 63 6d 64 22 3a 09 22 77 65 61 74 68 65 72 22 0a 7d
[2026-01-02 10:53:19.557] [DEV竊辰LOUD] ASC: {\n\t"mac":\t"289C6E309AB3",\n\t"cmd":\t"weather"\n}
[2026-01-02 10:53:19.598] [CLOUD竊奪EV] RAW: 7b 22 72 65 73 75 6c 74 22 3a 22 6f 6b 22 7d
[2026-01-02 10:53:19.598] [CLOUD竊奪EV] ASC: {"result":"ok"}
[2026-01-02 10:53:22.708] [DEV竊辰LOUD] RAW: 7b 0a 09 22 6d 61 63 22 3a 09 22 32 38 39 43 36 45 33 30 39 41 42 33 22 2c 0a 09 22 63 6d 64 22 3a 09 22 77 65 61 74 68 65 72 22 0a 7d
[2026-01-02 10:53:22.708] [DEV竊辰LOUD] ASC: {\n\t"mac":\t"289C6E309AB3",\n\t"cmd":\t"weather"\n}
[2026-01-02 10:53:22.752] [CLOUD竊奪EV] RAW: 7b 22 72 65 73 75 6c 74 22 3a 22 6f 6b 22 7d
[2026-01-02 10:53:22.752] [CLOUD竊奪EV] ASC: {"result":"ok"}
[2026-01-02 10:53:25.906] [DEV竊辰LOUD] RAW: 7b 0a 09 22 6d 61 63 22 3a 09 22 32 38 39 43 36 45 33 30 39 41 42 33 22 2c 0a 09 22 63 6d 64 22 3a 09 22 77 65 61 74 68 65 72 22 0a 7d
[2026-01-02 10:53:25.907] [DEV竊辰LOUD] ASC: {\n\t"mac":\t"289C6E309AB3",\n\t"cmd":\t"weather"\n}
[2026-01-02 10:53:25.948] [CLOUD竊奪EV] RAW: 7b 22 72 65 73 75 6c 74 22 3a 22 6f 6b 22 7d
[2026-01-02 10:53:25.948] [CLOUD竊奪EV] ASC: {"result":"ok"}
[2026-01-02 10:53:29.056] [DEV竊辰LOUD] RAW: 7b 0a 09 22 6d 61 63 22 3a 09 22 32 38 39 43 36 45 33 30 39 41 42 33 22 2c 0a 09 22 63 6d 64 22 3a 09 22 77 65 61 74 68 65 72 22 0a 7d
[2026-01-02 10:53:29.057] [DEV竊辰LOUD] ASC: {\n\t"mac":\t"289C6E309AB3",\n\t"cmd":\t"weather"\n}
[2026-01-02 10:53:29.098] [CLOUD竊奪EV] RAW: 7b 22 72 65 73 75 6c 74 22 3a 22 6f 6b 22 7d
[2026-01-02 10:53:29.098] [CLOUD竊奪EV] ASC: {"result":"ok"}
[2026-01-02 10:53:32.255] [DEV竊辰LOUD] RAW: 7b 0a 09 22 6d 61 63 22 3a 09 22 32 38 39 43 36 45 33 30 39 41 42 33 22 2c 0a 09 22 63 6d 64 22 3a 09 22 77 65 61 74 68 65 72 22 0a 7d
[2026-01-02 10:53:32.255] [DEV竊辰LOUD] ASC: {\n\t"mac":\t"289C6E309AB3",\n\t"cmd":\t"weather"\n}
[2026-01-02 10:53:32.297] [CLOUD竊奪EV] RAW: 7b 22 72 65 73 75 6c 74 22 3a 22 6f 6b 22 7d
[2026-01-02 10:53:32.297] [CLOUD竊奪EV] ASC: {"result":"ok"}
[2026-01-02 10:53:35.430] [DEV竊辰LOUD] RAW: 7b 0a 09 22 6d 61 63 22 3a 09 22 32 38 39 43 36 45 33 30 39 41 42 33 22 2c 0a 09 22 63 6d 64 22 3a 09 22 77 65 61 74 68 65 72 22 0a 7d
[2026-01-02 10:53:35.430] [DEV竊辰LOUD] ASC: {\n\t"mac":\t"289C6E309AB3",\n\t"cmd":\t"weather"\n}
[2026-01-02 10:53:35.471] [CLOUD竊奪EV] RAW: 7b 22 72 65 73 75 6c 74 22 3a 22 6f 6b 22 7d
[2026-01-02 10:53:35.471] [CLOUD竊奪EV] ASC: {"result":"ok"}
[2026-01-02 10:53:38.604] [DEV竊辰LOUD] RAW: 7b 0a 09 22 6d 61 63 22 3a 09 22 32 38 39 43 36 45 33 30 39 41 42 33 22 2c 0a 09 22 63 6d 64 22 3a 09 22 77 65 61 74 68 65 72 22 0a 7d
[2026-01-02 10:53:38.604] [DEV竊辰LOUD] ASC: {\n\t"mac":\t"289C6E309AB3",\n\t"cmd":\t"weather"\n}
[2026-01-02 10:53:38.645] [CLOUD竊奪EV] RAW: 7b 22 72 65 73 75 6c 74 22 3a 22 6f 6b 22 7d
[2026-01-02 10:53:38.645] [CLOUD竊奪EV] ASC: {"result":"ok"}
[2026-01-02 10:53:41.776] [DEV竊辰LOUD] RAW: 7b 0a 09 22 6d 61 63 22 3a 09 22 32 38 39 43 36 45 33 30 39 41 42 33 22 2c 0a 09 22 63 6d 64 22 3a 09 22 77 65 61 74 68 65 72 22 0a 7d
[2026-01-02 10:53:41.777] [DEV竊辰LOUD] ASC: {\n\t"mac":\t"289C6E309AB3",\n\t"cmd":\t"weather"\n}
[2026-01-02 10:53:41.818] [CLOUD竊奪EV] RAW: 7b 22 72 65 73 75 6c 74 22 3a 22 6f 6b 22 7d
[2026-01-02 10:53:41.818] [CLOUD竊奪EV] ASC: {"result":"ok"}
[2026-01-02 10:53:44.929] [DEV竊辰LOUD] RAW: 7b 0a 09 22 6d 61 63 22 3a 09 22 32 38 39 43 36 45 33 30 39 41 42 33 22 2c 0a 09 22 63 6d 64 22 3a 09 22 77 65 61 74 68 65 72 22 0a 7d
[2026-01-02 10:53:44.929] [DEV竊辰LOUD] ASC: {\n\t"mac":\t"289C6E309AB3",\n\t"cmd":\t"weather"\n}
[2026-01-02 10:53:44.983] [CLOUD竊奪EV] RAW: 7b 22 72 65 73 75 6c 74 22 3a 22 6f 6b 22 7d
[2026-01-02 10:53:44.983] [CLOUD竊奪EV] ASC: {"result":"ok"}
[2026-01-02 10:53:48.127] [DEV竊辰LOUD] RAW: 7b 0a 09 22 6d 61 63 22 3a 09 22 32 38 39 43 36 45 33 30 39 41 42 33 22 2c 0a 09 22 63 6d 64 22 3a 09 22 77 65 61 74 68 65 72 22 0a 7d
[2026-01-02 10:53:48.128] [DEV竊辰LOUD] ASC: {\n\t"mac":\t"289C6E309AB3",\n\t"cmd":\t"weather"\n}
[2026-01-02 10:53:48.171] [CLOUD竊奪EV] RAW: 7b 22 72 65 73 75 6c 74 22 3a 22 6f 6b 22 7d
[2026-01-02 10:53:48.171] [CLOUD竊奪EV] ASC: {"result":"ok"}
[2026-01-02 10:53:51.302] [DEV竊辰LOUD] RAW: 7b 0a 09 22 6d 61 63 22 3a 09 22 32 38 39 43 36 45 33 30 39 41 42 33 22 2c 0a 09 22 63 6d 64 22 3a 09 22 77 65 61 74 68 65 72 22 0a 7d
[2026-01-02 10:53:51.302] [DEV竊辰LOUD] ASC: {\n\t"mac":\t"289C6E309AB3",\n\t"cmd":\t"weather"\n}
[2026-01-02 10:53:51.343] [CLOUD竊奪EV] RAW: 7b 22 72 65 73 75 6c 74 22 3a 22 6f 6b 22 7d
[2026-01-02 10:53:51.343] [CLOUD竊奪EV] ASC: {"result":"ok"}
[2026-01-02 10:53:51.351] Proxy stopping...
