[2026-01-02 10:59:39.875] Proxy started. Listening on port 2223. Logging to smarttemp_handshake.log
[2026-01-02 11:01:10.035] [NEW CONN] ('192.168.0.15', 63007)
[2026-01-02 11:01:10.113] [DEV竊辰LOUD] RAW: 53 55 42 20 32 38 39 43 36 45 33 30 39 41 41 36 0a
[2026-01-02 11:01:10.114] [DEV竊辰LOUD] ASC: SUB 289C6E309AA6\n
[2026-01-02 11:01:15.008] [CLOUD竊奪EV] RAW: 7b 22 6c 6f 63 61 6c 5f 74 69 6d 65 22 3a 22 32 30 32 36 30 31 30 32 31 31 30 30 22 2c 22 4d 73 67 49 44 22 3a 22 32 30 32 36 30 31 30 32 31 32 30 30 30 30 22 7d
[2026-01-02 11:01:15.009] [CLOUD竊奪EV] ASC: {"local_time":"202601021100","MsgID":"20260102120000"}
[2026-01-02 11:01:16.025] [DEV竊辰LOUD] Connection closed
[2026-01-02 11:01:16.059] [NEW CONN] ('192.168.0.15', 63008)
[2026-01-02 11:01:16.103] [DEV竊辰LOUD] RAW: 53 55 42 20 32 38 39 43 36 45 33 30 39 41 41 36 0a
[2026-01-02 11:01:16.103] [DEV竊辰LOUD] ASC: SUB 289C6E309AA6\n
[2026-01-02 11:01:25.010] [CLOUD竊奪EV] Error: timed out
[2026-01-02 11:01:26.104] [CLOUD竊奪EV] Error: timed out
[2026-01-02 11:01:26.104] [DEV竊辰LOUD] Error: [Errno 9] Bad file descriptor
[2026-01-02 11:02:10.536] [NEW CONN] ('192.168.0.15', 63053)
[2026-01-02 11:02:10.579] [DEV竊辰LOUD] RAW: 53 55 42 20 32 38 39 43 36 45 33 30 39 41 41 36 0a
[2026-01-02 11:02:10.579] [DEV竊辰LOUD] ASC: SUB 289C6E309AA6\n
[2026-01-02 11:02:15.015] [CLOUD竊奪EV] RAW: 7b 22 6c 6f 63 61 6c 5f 74 69 6d 65 22 3a 22 32 30 32 36 30 31 30 32 31 31 30 30 22 2c 22 4d 73 67 49 44 22 3a 22 32 30 32 36 30 31 30 32 31 32 30 30 30 30 22 7d
[2026-01-02 11:02:15.015] [CLOUD竊奪EV] ASC: {"local_time":"202601021100","MsgID":"20260102120000"}
[2026-01-02 11:02:25.016] [CLOUD竊奪EV] Error: timed out
[2026-01-02 11:02:25.017] [DEV竊辰LOUD] Error: [Errno 9] Bad file descriptor
[2026-01-02 11:02:25.063] [NEW CONN] ('192.168.0.15', 63054)
[2026-01-02 11:02:25.108] [DEV竊辰LOUD] RAW: 53 55 42 20 32 38 39 43 36 45 33 30 39 41 41 36 0a
[2026-01-02 11:02:25.108] [DEV竊辰LOUD] ASC: SUB 289C6E309AA6\n
[2026-01-02 11:02:30.068] [CLOUD竊奪EV] RAW: 7b 22 6c 6f 63 61 6c 5f 74 69 6d 65 22 3a 22 32 30 32 36 30 31 30 32 31 31 30 30 22 2c 22 4d 73 67 49 44 22 3a 22 32 30 32 36 30 31 30 32 31 32 30 30 30 30 22 7d
[2026-01-02 11:02:30.068] [CLOUD竊奪EV] ASC: {"local_time":"202601021100","MsgID":"20260102120000"}
[2026-01-02 11:02:37.240] [DEV竊辰LOUD] RAW: 7b 0a 09 22 70 61 69 72 5f 6b 65 79 22 3a 09 22 30 30 36 22 2c 0a 09 22 64 69 73 5f 64 65 76 5f 6e 61 6d 65 22 3a 09 22 49 6e 73 70 69 72 65 22 2c 0a 09 22 64 65 76 5f 76 65 72 22 3a 09 22 32 2e 36 32 22 2c 0a 09 22 7a 6f 6e 65 5f 6e 6f 22 3a 09 32 2c 0a 09 22 7a 6f 6e 65 5f 74 79 70 65 22 3a 09 32 2c 0a 09 22 65 68 65 61 74 5f 65 6e 22 3a 09 30 2c 0a 09 22 66 61 6e 5f 74 79 70 65 22 3a 09 31 2c 0a 09 22 74 65 6d 70 5f 75 6e 69 74 22 3a 09 30 2c 0a 09 22 74 65 6d 70 5f 6d 61 78 22 3a 09 33 32 30 2c 0a 09 22 74 65 6d 70 5f 6d 69 6e 22 3a 09 31 38 30 2c 0a 09 22 74 65 6d 70 5f 64 62 22 3a 09 31 30 2c 0a 09 22 65 76 65 6e 74 5f 6e 6f 22 3a 09 34 2c 0a 09 22 65 76 65 6e 74 31 5f 6e 61 6d 65 22 3a 09 22 57 61 6b 65 22 2c 0a 09 22 65 76 65 6e 74 32 5f 6e 61 6d 65 22 3a 09 22 4c 65 61 76 65 22 2c 0a 09 22 65 76 65 6e 74 33 5f 6e 61 6d 65 22 3a 09 22 52 65 74 75 72 6e 22 2c 0a 09 22 65 76 65 6e 74 34 5f 6e 61 6d 65 22 3a 09 22 53 6c 65 65 70 22 2c 0a 09 22 7a 6f 6e 65 31 5f 6e 61 6d 65 22 3a 09 22 4d 61 73 74 65 72 20 42 65 64 72 6f 6f 6d 22 2c 0a 09 22 7a 6f 6e 65 32 5f 6e 61 6d 65 22 3a 09 22 4c 69 76 69 6e 67 20 52 6f 6f 6d 22 2c 0a 09 22 7a 6f 6e 65 31 5f 73 65 6e 22 3a 09 31 2c 0a 09 22 7a 6f 6e 65 32 5f 73 65 6e 22 3a 09 32 2c 0a 09 22 74 68 5f 6e 6f 22 3a 09 31 2c 0a 09 22 64 69 73 5f 6f 75 74 73 69 64 65 22 3a 09 2d 31 30 30 30 2c 0a 09 22 66 61 6e 5f 73 74 61 74 75 73 22 3a 09 30 2c 0a 09 22 68 65 61 74 5f 73 74 61 74 75 73 22 3a 09 30 2c 0a 09 22 63 6f 6f 6c 5f 73 74 61 74 75 73 22 3a 09 30 2c 0a 09 22 65 68 65 61 74 5f 73 74 61 74 75 73 22 3a 09 30 2c 0a 09 22 64 69 73 5f 73 79 73 5f 74 65 6d 70 22 3a 09 32 34 30 2c 0a 09 22 64 69 73 5f 72 6f 6f 6d 5f 74 65 6d 70 22 3a 09 5b 32 34 30 2c 20 30 2c 20 30 2c 20 30 5d 2c 0a 09 22 64 69 73 5f 72 6f 6f 6d 5f 68 75 6d 69 22 3a 09 5b 37 30 2c 20 30 2c 20 30 2c 20 30 5d 2c 0a 09 22 64 69 73 5f 7a 6f 6e 65 5f 74 65 6d 70 22 3a 09 5b 32 33 39 2c 20 32 34 30 5d 2c 0a 09 22 65 71 75 69 70 5f 6d 6f 64 65 22 3a 09 30 2c 0a 09 22 66 61 6e 5f 6d 6f 64 65 22 3a 09 30 2c 0a 09 22 66 61 6e 5f 73
[2026-01-02 11:02:37.241] [DEV竊辰LOUD] ASC: {\n\t"pair_key":\t"006",\n\t"dis_dev_name":\t"Inspire",\n\t"dev_ver":\t"2.62",\n\t"zone_no":\t2,\n\t"zone_type":\t2,\n\t"eheat_en":\t0,\n\t"fan_type":\t1,\n\t"temp_unit":\t0,\n\t"temp_max":\t320,\n\t"temp_min":\t180,\n\t"temp_db":\t10,\n\t"event_no":\t4,\n\t"event1_name":\t"Wake",\n\t"event2_name":\t"Leave",\n\t"event3_name":\t"Return",\n\t"event4_name":\t"Sleep",\n\t"zone1_name":\t"Master Bedroom",\n\t"zone2_name":\t"Living Room",\n\t"zone1_sen":\t1,\n\t"zone2_sen":\t2,\n\t"th_no":\t1,\n\t"dis_outside":\t-1000,\n\t"fan_status":\t0,\n\t"heat_status":\t0,\n\t"cool_status":\t0,\n\t"eheat_status":\t0,\n\t"dis_sys_temp":\t240,\n\t"dis_room_temp":\t[240, 0, 0, 0],\n\t"dis_room_humi":\t[70, 0, 0, 0],\n\t"dis_zone_temp":\t[239, 240],\n\t"equip_mode":\t0,\n\t"fan_mode":\t0,\n\t"fan_s
[2026-01-02 11:02:37.278] [DEV竊辰LOUD] RAW: 70 65 65 64 22 3a 09 30 2c 0a 09 22 68 6f 6c 69 64 61 79 22 3a 09 7b 0a 09 09 22 6f 6e 6f 66 66 22 3a 09 30 2c 0a 09 09 22 74 74 69 6d 65 22 3a 09 31 35 38 39 30 39 39 34 30 30 2c 0a 09 09 22 68 65 61 74 73 65 74 22 3a 09 32 32 30 2c 0a 09 09 22 63 6f 6f 6c 73 65 74 22 3a 09 32 36 30 2c 0a 09 09 22 66 72 65 73 68 61 69 72 22 3a 09 30 2c 0a 09 09 22 76 65 6e 74 69 22 3a 09 30 0a 09 7d 2c 0a 09 22 7a 6f 6e 65 31 22 3a 09 7b 0a 09 09 22 6f 6e 6f 66 66 22 3a 09 31 2c 0a 09 09 22 68 65 61 74 73 65 74 22 3a 09 31 39 35 2c 0a 09 09 22 63 6f 6f 6c 73 65 74 22 3a 09 32 35 35 2c 0a 09 09 22 70 72 6f 67 65 6e 22 3a 09 30 2c 0a 09 09 22 6f 76 72 64 74 69 6d 65 22 3a 09 30 2c 0a 09 09 22 61 75 74 6f 6f 66 66 74 69 6d 65 22 3a 09 2d 31 0a 09 7d 2c 0a 09 22 7a 6f 6e 65 32 22 3a 09 7b 0a 09 09 22 6f 6e 6f 66 66 22 3a 09 30 2c 0a 09 09 22 68 65 61 74 73 65 74 22 3a 09 31 39 35 2c 0a 09 09 22 63 6f 6f 6c 73 65 74 22 3a 09 32 31 35 2c 0a 09 09 22 70 72 6f 67 65 6e 22 3a 09 30 2c 0a 09 09 22 6f 76 72 64 74 69 6d
[2026-01-02 11:02:37.278] [DEV竊辰LOUD] ASC: peed":\t0,\n\t"holiday":\t{\n\t\t"onoff":\t0,\n\t\t"ttime":\t1589099400,\n\t\t"heatset":\t220,\n\t\t"coolset":\t260,\n\t\t"freshair":\t0,\n\t\t"venti":\t0\n\t},\n\t"zone1":\t{\n\t\t"onoff":\t1,\n\t\t"heatset":\t195,\n\t\t"coolset":\t255,\n\t\t"progen":\t0,\n\t\t"ovrdtime":\t0,\n\t\t"autoofftime":\t-1\n\t},\n\t"zone2":\t{\n\t\t"onoff":\t0,\n\t\t"heatset":\t195,\n\t\t"coolset":\t215,\n\t\t"progen":\t0,\n\t\t"ovrdtim
[2026-01-02 11:02:38.360] [DEV竊辰LOUD] RAW: 65 22 3a 09 30 2c 0a 09 09 22 61 75 74 6f 6f 66 66 74 69 6d 65 22 3a 09 2d 31 0a 09 7d 2c 0a 09 22 7a 6f 6e 65 31 5f 73 68 65 64 75 6c 65 22 3a 09 7b 0a 09 09 22 6d 6f 6e 22 3a 09 5b 7b 0a 09 09 09 09 22 74 22 3a 09 33 36 30 2c 0a 09 09 09 09 22 68 22 3a 09 31 38 30 2c 0a 09 09 09 09 22 63 22 3a 09 32 35 30 0a 09 09 09 7d 2c 20 7b 0a 09 09 09 09 22 74 22 3a 09 35 31 30 2c 0a 09 09 09 09 22 68 22 3a 09 31 38 30 2c 0a 09 09 09 09 22 63 22 3a 09 32 38 30 0a 09 09 09 7d 2c 20 7b 0a 09 09 09 09 22 74 22 3a 09 31 30 32 30 2c 0a 09 09 09 09 22 68 22 3a 09 32 31 30 2c 0a 09 09 09 09 22 63 22 3a 09 32 34 30 0a 09 09 09 7d 2c 20 7b 0a 09 09 09 09 22 74 22 3a 09 31 33 32 30 2c 0a 09 09 09 09 22 68 22 3a 09 31 38 30 2c 0a 09 09 09 09 22 63 22 3a 09 32 38 30 0a 09 09 09 7d 5d 2c 0a 09 09 22 74 75 65 22 3a 09 5b 7b 0a 09 09 09 09 22 74 22 3a 09 33 36 30 2c 0a 09 09 09 09 22 68 22 3a 09 31 38 30 2c 0a 09 09 09 09 22 63 22 3a 09 32 35 30 0a 09 09 09 7d 2c 20 7b 0a 09 09 09 09 22 74 22 3a 09 35 31 30 2c 0a 09 09 09 09 22 68 22 3a 09 31 38 30 2c 0a 09 09 09 09 22 63 22 3a 09 32 38 30 0a 09 09 09 7d 2c 20 7b 0a 09 09 09 09 22 74 22 3a 09 31 30 32 30 2c 0a 09 09 09 09 22 68 22 3a 09 32 31 30 2c 0a 09 09 09 09 22 63 22 3a 09 32 34 30 0a 09 09 09 7d 2c 20 7b 0a 09 09 09 09 22 74 22 3a 09 31 33 32 30 2c 0a 09 09 09 09 22 68 22 3a 09 31 38 30 2c 0a 09 09 09 09 22 63 22 3a 09 32 38 30 0a 09 09 09 7d 5d 2c 0a 09 09 22 77 65 64 22 3a 09 5b 7b 0a 09 09 09 09 22 74 22 3a 09 33 36 30 2c 0a 09 09 09 09 22 68 22 3a 09 31 38 30 2c 0a 09 09 09 09 22 63 22 3a 09 32 35 30 0a 09 09 09 7d 2c 20 7b 0a 09 09 09 09 22 74 22 3a 09 35 31 30 2c 0a 09 09 09 09 22 68 22 3a 09 31 38 30 2c 0a 09 09 09 09 22 63 22 3a 09 32 38 30 0a 09 09 09 7d 2c 20 7b 0a 09 09 09 09 22 74 22 3a 09 31 30 32 30 2c 0a 09 09 09 09 22 68 22 3a 09 32 31 30 2c 0a 09 09 09 09 22 63 22 3a 09 32 34 30 0a 09 09 09 7d 2c 20 7b 0a 09 09 09 09 22 74 22 3a 09 31 33 32 30 2c 0a 09 09 09 09 22 68 22 3a 09 31 38 30 2c 0a 09 09 09 09 22 63 22 3a 09 32 38 30 0a 09 09 09 7d 5d 2c 0a 09 09 22 74 68 75 22 3a 09 5b
[2026-01-02 11:02:38.361] [DEV竊辰LOUD] ASC: e":\t0,\n\t\t"autoofftime":\t-1\n\t},\n\t"zone1_shedule":\t{\n\t\t"mon":\t[{\n\t\t\t\t"t":\t360,\n\t\t\t\t"h":\t180,\n\t\t\t\t"c":\t250\n\t\t\t}, {\n\t\t\t\t"t":\t510,\n\t\t\t\t"h":\t180,\n\t\t\t\t"c":\t280\n\t\t\t}, {\n\t\t\t\t"t":\t1020,\n\t\t\t\t"h":\t210,\n\t\t\t\t"c":\t240\n\t\t\t}, {\n\t\t\t\t"t":\t1320,\n\t\t\t\t"h":\t180,\n\t\t\t\t"c":\t280\n\t\t\t}],\n\t\t"tue":\t[{\n\t\t\t\t"t":\t360,\n\t\t\t\t"h":\t180,\n\t\t\t\t"c":\t250\n\t\t\t}, {\n\t\t\t\t"t":\t510,\n\t\t\t\t"h":\t180,\n\t\t\t\t"c":\t280\n\t\t\t}, {\n\t\t\t\t"t":\t1020,\n\t\t\t\t"h":\t210,\n\t\t\t\t"c":\t240\n\t\t\t}, {\n\t\t\t\t"t":\t1320,\n\t\t\t\t"h":\t180,\n\t\t\t\t"c":\t280\n\t\t\t}],\n\t\t"wed":\t[{\n\t\t\t\t"t":\t360,\n\t\t\t\t"h":\t180,\n\t\t\t\t"c":\t250\n\t\t\t}, {\n\t\t\t\t"t":\t510,\n\t\t\t\t"h":\t180,\n\t\t\t\t"c":\t280\n\t\t\t}, {\n\t\t\t\t"t":\t1020,\n\t\t\t\t"h":\t210,\n\t\t\t\t"c":\t240\n\t\t\t}, {\n\t\t\t\t"t":\t1320,\n\t\t\t\t"h":\t180,\n\t\t\t\t"c":\t280\n\t\t\t}],\n\t\t"thu":\t[
[2026-01-02 11:02:38.375] [DEV竊辰LOUD] RAW: 7b 0a 09 09 09 09 22 74 22 3a 09 33 36 30 2c 0a 09 09 09 09 22 68 22 3a 09 31 38 30 2c 0a 09 09 09 09 22 63 22 3a 09 32 35 30 0a 09 09 09 7d 2c 20 7b 0a 09 09 09 09 22 74 22 3a 09 35 31 30 2c 0a 09 09 09 09 22 68 22 3a 09 31 38 30 2c 0a 09 09 09 09 22 63 22 3a 09 32 38 30 0a 09 09 09 7d 2c 20 7b 0a 09 09 09 09 22 74 22 3a 09 31 30 32 30 2c 0a 09 09 09 09 22 68 22 3a 09 32 31 30 2c 0a 09 09 09 09 22 63 22 3a 09 32 34 30 0a 09 09 09 7d 2c 20 7b 0a 09 09 09 09 22 74 22 3a 09 31 33 32 30 2c 0a 09 09 09 09 22 68 22 3a 09 31 38 30 2c 0a 09 09 09 09 22 63 22 3a 09 32 38 30 0a 09 09 09 7d 5d 2c 0a 09 09 22 66 72 69 22 3a 09 5b 7b 0a 09 09 09 09 22 74 22 3a 09 35 34 30 2c 0a 09 09 09 09 22 68 22 3a 09 31 38 30 2c 0a 09 09 09 09 22 63 22 3a 09 32 35 30 0a 09 09 09 7d 2c 20 7b 0a 09 09 09 09 22 74 22 3a 09 33 33 32 37 38 2c 0a 09 09 09 09 22 68 22 3a 09 31 38 30 2c 0a 09 09 09 09 22 63 22 3a 09 32 38 30 0a 09 09 09 7d 2c 20 7b 0a 09 09 09 09 22 74 22 3a 09 33 33 37 38 38 2c 0a 09 09 09 09 22 68 22 3a 09
[2026-01-02 11:02:38.376] [DEV竊辰LOUD] ASC: {\n\t\t\t\t"t":\t360,\n\t\t\t\t"h":\t180,\n\t\t\t\t"c":\t250\n\t\t\t}, {\n\t\t\t\t"t":\t510,\n\t\t\t\t"h":\t180,\n\t\t\t\t"c":\t280\n\t\t\t}, {\n\t\t\t\t"t":\t1020,\n\t\t\t\t"h":\t210,\n\t\t\t\t"c":\t240\n\t\t\t}, {\n\t\t\t\t"t":\t1320,\n\t\t\t\t"h":\t180,\n\t\t\t\t"c":\t280\n\t\t\t}],\n\t\t"fri":\t[{\n\t\t\t\t"t":\t540,\n\t\t\t\t"h":\t180,\n\t\t\t\t"c":\t250\n\t\t\t}, {\n\t\t\t\t"t":\t33278,\n\t\t\t\t"h":\t180,\n\t\t\t\t"c":\t280\n\t\t\t}, {\n\t\t\t\t"t":\t33788,\n\t\t\t\t"h":\t
[2026-01-02 11:02:39.383] [DEV竊辰LOUD] RAW: 32 31 30 2c 0a 09 09 09 09 22 63 22 3a 09 32 34 30 0a 09 09 09 7d 2c 20 7b 0a 09 09 09 09 22 74 22 3a 09 39 36 30 2c 0a 09 09 09 09 22 68 22 3a 09 31 38 30 2c 0a 09 09 09 09 22 63 22 3a 09 33 30 30 0a 09 09 09 7d 5d 2c 0a 09 09 22 73 61 74 22 3a 09 5b 7b 0a 09 09 09 09 22 74 22 3a 09 33 36 30 2c 0a 09 09 09 09 22 68 22 3a 09 31 38 30 2c 0a 09 09 09 09 22 63 22 3a 09 32 35 30 0a 09 09 09 7d 2c 20 7b 0a 09 09 09 09 22 74 22 3a 09 35 31 30 2c 0a 09 09 09 09 22 68 22 3a 09 31 38 30 2c 0a 09 09 09 09 22 63 22 3a 09 32 38 30 0a 09 09 09 7d 2c 20 7b 0a 09 09 09 09 22 74 22 3a 09 31 30 32 30 2c 0a 09 09 09 09 22 68 22 3a 09 32 31 30 2c 0a 09 09 09 09 22 63 22 3a 09 32 34 30 0a 09 09 09 7d 2c 20 7b 0a 09 09 09 09 22 74 22 3a 09 31 33 32 30 2c 0a 09 09 09 09 22 68 22 3a 09 31 38 30 2c 0a 09 09 09 09 22 63 22 3a 09 32 38 30 0a 09 09 09 7d 5d 2c 0a 09 09 22 73 75 6e 22 3a 09 5b 7b 0a 09 09 09 09 22 74 22 3a 09 33 36 30 2c 0a 09 09 09 09 22 68 22 3a 09 31 38 30 2c 0a 09 09 09 09 22 63 22 3a 09 32 35 30 0a 09 09 09 7d 2c 20 7b 0a 09 09 09 09 22 74 22 3a 09 35 31 30 2c 0a 09 09 09 09 22 68 22 3a 09 31 38 30 2c 0a 09 09 09 09 22 63 22 3a 09 32 38 30 0a 09 09 09 7d 2c 20 7b 0a 09 09 09 09 22 74 22 3a 09 31 30 32 30 2c 0a 09 09 09 09 22 68 22 3a 09 32 31 30 2c 0a 09 09 09 09 22 63 22 3a 09 32 34 30 0a 09 09 09 7d 2c 20 7b 0a 09 09 09 09 22 74 22 3a 09 31 33 32 30 2c 0a 09 09 09 09 22 68 22 3a 09 31 38 30 2c 0a 09 09 09 09 22 63 22 3a 09 32 38 30 0a 09 09 09 7d 5d 0a 09 7d 2c 0a 09 22 7a 6f 6e 65 32 5f 73 68 65 64 75 6c 65 22 3a 09 7b 0a 09 09 22 6d 6f 6e 22 3a 09 5b 7b 0a 09 09 09 09 22 74 22 3a 09 33 36 30 2c 0a 09 09 09 09 22 68 22 3a 09 31 38 30 2c 0a 09 09 09 09 22 63 22 3a 09 32 35 30 0a 09 09 09 7d 2c 20 7b 0a 09 09 09 09 22 74 22 3a 09 35 31 30 2c 0a 09 09 09 09 22 68 22 3a 09 31 38 30 2c 0a 09 09 09 09 22 63 22 3a 09 32 38 30 0a 09 09 09 7d 2c 20 7b 0a 09 09 09 09 22 74 22 3a 09 31 30 32 30 2c 0a 09 09 09 09 22 68 22 3a 09 32 31 30 2c 0a 09 09 09 09 22 63 22 3a 09 32 34 30 0a 09 09 09 7d 2c 20 7b 0a 09 09 09 09 22 74 22 3a 09 31 33 32 30
[2026-01-02 11:02:39.384] [DEV竊辰LOUD] ASC: 210,\n\t\t\t\t"c":\t240\n\t\t\t}, {\n\t\t\t\t"t":\t960,\n\t\t\t\t"h":\t180,\n\t\t\t\t"c":\t300\n\t\t\t}],\n\t\t"sat":\t[{\n\t\t\t\t"t":\t360,\n\t\t\t\t"h":\t180,\n\t\t\t\t"c":\t250\n\t\t\t}, {\n\t\t\t\t"t":\t510,\n\t\t\t\t"h":\t180,\n\t\t\t\t"c":\t280\n\t\t\t}, {\n\t\t\t\t"t":\t1020,\n\t\t\t\t"h":\t210,\n\t\t\t\t"c":\t240\n\t\t\t}, {\n\t\t\t\t"t":\t1320,\n\t\t\t\t"h":\t180,\n\t\t\t\t"c":\t280\n\t\t\t}],\n\t\t"sun":\t[{\n\t\t\t\t"t":\t360,\n\t\t\t\t"h":\t180,\n\t\t\t\t"c":\t250\n\t\t\t}, {\n\t\t\t\t"t":\t510,\n\t\t\t\t"h":\t180,\n\t\t\t\t"c":\t280\n\t\t\t}, {\n\t\t\t\t"t":\t1020,\n\t\t\t\t"h":\t210,\n\t\t\t\t"c":\t240\n\t\t\t}, {\n\t\t\t\t"t":\t1320,\n\t\t\t\t"h":\t180,\n\t\t\t\t"c":\t280\n\t\t\t}]\n\t},\n\t"zone2_shedule":\t{\n\t\t"mon":\t[{\n\t\t\t\t"t":\t360,\n\t\t\t\t"h":\t180,\n\t\t\t\t"c":\t250\n\t\t\t}, {\n\t\t\t\t"t":\t510,\n\t\t\t\t"h":\t180,\n\t\t\t\t"c":\t280\n\t\t\t}, {\n\t\t\t\t"t":\t1020,\n\t\t\t\t"h":\t210,\n\t\t\t\t"c":\t240\n\t\t\t}, {\n\t\t\t\t"t":\t1320
[2026-01-02 11:02:39.424] [DEV竊辰LOUD] RAW: 2c 0a 09 09 09 09 22 68 22 3a 09 31 38 30 2c 0a 09 09 09 09 22 63 22 3a 09 32 38 30 0a 09 09 09 7d 5d 2c 0a 09 09 22 74 75 65 22 3a 09 5b 7b 0a 09 09 09 09 22 74 22 3a 09 33 36 30 2c 0a 09 09 09 09 22 68 22 3a 09 31 38 30 2c 0a 09 09 09 09 22 63 22 3a 09 32 35 30 0a 09 09 09 7d 2c 20 7b 0a 09 09 09 09 22 74 22 3a 09 35 31 30 2c 0a 09 09 09 09 22 68 22 3a 09 31 38 30 2c 0a 09 09 09 09 22 63 22 3a 09 32 38 30 0a 09 09 09 7d 2c 20 7b 0a 09 09 09 09 22 74 22 3a 09 31 30 32 30 2c 0a 09 09 09 09 22 68 22 3a 09 32 31 30 2c 0a 09 09 09 09 22 63 22 3a 09 32 34 30 0a 09 09 09 7d 2c 20 7b 0a 09 09 09 09 22 74 22 3a 09 31 33 32 30 2c 0a 09 09 09 09 22 68 22 3a 09 31 38 30 2c 0a 09 09 09 09 22 63 22 3a 09 32 38 30 0a 09 09 09 7d 5d 2c 0a 09 09 22 77 65 64 22 3a 09 5b 7b 0a 09 09 09 09 22 74 22 3a 09 33 36 30 2c 0a 09 09 09 09 22 68 22 3a 09 31 38 30 2c 0a 09 09 09 09 22 63 22 3a 09 32 35 30 0a 09 09 09 7d 2c 20 7b 0a 09 09 09 09 22 74 22 3a 09 35 31 30 2c 0a 09 09 09 09 22 68 22 3a 09 31 38 30 2c 0a 09 09
[2026-01-02 11:02:39.424] [DEV竊辰LOUD] ASC: ,\n\t\t\t\t"h":\t180,\n\t\t\t\t"c":\t280\n\t\t\t}],\n\t\t"tue":\t[{\n\t\t\t\t"t":\t360,\n\t\t\t\t"h":\t180,\n\t\t\t\t"c":\t250\n\t\t\t}, {\n\t\t\t\t"t":\t510,\n\t\t\t\t"h":\t180,\n\t\t\t\t"c":\t280\n\t\t\t}, {\n\t\t\t\t"t":\t1020,\n\t\t\t\t"h":\t210,\n\t\t\t\t"c":\t240\n\t\t\t}, {\n\t\t\t\t"t":\t1320,\n\t\t\t\t"h":\t180,\n\t\t\t\t"c":\t280\n\t\t\t}],\n\t\t"wed":\t[{\n\t\t\t\t"t":\t360,\n\t\t\t\t"h":\t180,\n\t\t\t\t"c":\t250\n\t\t\t}, {\n\t\t\t\t"t":\t510,\n\t\t\t\t"h":\t180,\n\t\t
[2026-01-02 11:02:40.069] [CLOUD竊奪EV] Error: timed out
[2026-01-02 11:02:40.070] [DEV竊辰LOUD] Error: [Errno 9] Bad file descriptor
[2026-01-02 11:02:40.115] [NEW CONN] ('192.168.0.15', 63055)
[2026-01-02 11:02:40.158] [DEV竊辰LOUD] RAW: 53 55 42 20 32 38 39 43 36 45 33 30 39 41 41 36 0a
[2026-01-02 11:02:40.158] [DEV竊辰LOUD] ASC: SUB 289C6E309AA6\n
[2026-01-02 11:02:40.437] [DEV竊辰LOUD] RAW: 09 09 22 63 22 3a 09 32 38 30 0a 09 09 09 7d 2c 20 7b 0a 09 09 09 09 22 74 22 3a 09 31 30 32 30 2c 0a 09 09 09 09 22 68 22 3a 09 32 31 30 2c 0a 09 09 09 09 22 63 22 3a 09 32 34 30 0a 09 09 09 7d 2c 20 7b 0a 09 09 09 09 22 74 22 3a 09 31 33 32 30 2c 0a 09 09 09 09 22 68 22 3a 09 31 38 30 2c 0a 09 09 09 09 22 63 22 3a 09 32 38 30 0a 09 09 09 7d 5d 2c 0a 09 09 22 74 68 75 22 3a 09 5b 7b 0a 09 09 09 09 22 74 22 3a 09 33 36 30 2c 0a 09 09 09 09 22 68 22 3a 09 31 38 30 2c 0a 09 09 09 09 22 63 22 3a 09 32 35 30 0a 09 09 09 7d 2c 20 7b 0a 09 09 09 09 22 74 22 3a 09 35 31 30 2c 0a 09 09 09 09 22 68 22 3a 09 31 38 30 2c 0a 09 09 09 09 22 63 22 3a 09 32 38 30 0a 09 09 09 7d 2c 20 7b 0a 09 09 09 09 22 74 22 3a 09 31 30 32 30 2c 0a 09 09 09 09 22 68 22 3a 09 32 31 30 2c 0a 09 09 09 09 22 63 22 3a 09 32 34 30 0a 09 09 09 7d 2c 20 7b 0a 09 09 09 09 22 74 22 3a 09 31 33 32 30 2c 0a 09 09 09 09 22 68 22 3a 09 31 38 30 2c 0a 09 09 09 09 22 63 22 3a 09 32 38 30 0a 09 09 09 7d 5d 2c 0a 09 09 22 66 72 69 22 3a 09 5b 7b 0a 09 09 09 09 22 74 22 3a 09 33 36 30 2c 0a 09 09 09 09 22 68 22 3a 09 31 38 30 2c 0a 09 09 09 09 22 63 22 3a 09 32 35 30 0a 09 09 09 7d 2c 20 7b 0a 09 09 09 09 22 74 22 3a 09 35 31 30 2c 0a 09 09 09 09 22 68 22 3a 09 31 38 30 2c 0a 09 09 09 09 22 63 22 3a 09 32 38 30 0a 09 09 09 7d 2c 20 7b 0a 09 09 09 09 22 74 22 3a 09 31 30 32 30 2c 0a 09 09 09 09 22 68 22 3a 09 32 31 30 2c 0a 09 09 09 09 22 63 22 3a 09 32 34 30 0a 09 09 09 7d 2c 20 7b 0a 09 09 09 09 22 74 22 3a 09 31 33 32 30 2c 0a 09 09 09 09 22 68 22 3a 09 31 38 30 2c 0a 09 09 09 09 22 63 22 3a 09 32 38 30 0a 09 09 09 7d 5d 2c 0a 09 09 22 73 61 74 22 3a 09 5b 7b 0a 09 09 09 09 22 74 22 3a 09 33 36 30 2c 0a 09 09 09 09 22 68 22 3a 09 31 38 30 2c 0a 09 09 09 09 22 63 22 3a 09 32 35 30 0a 09 09 09 7d 2c 20 7b 0a 09 09 09 09 22 74 22 3a 09 35 31 30 2c 0a 09 09 09 09 22 68 22 3a 09 31 38 30 2c 0a 09 09 09 09 22 63 22 3a 09 32 38 30 0a 09 09 09 7d 2c 20 7b 0a 09 09 09 09 22 74 22 3a 09 31 30 32 30 2c 0a 09 09 09 09 22 68 22 3a 09 32 31 30 2c 0a 09 09 09 09 22 63 22 3a 09 32 34 30 0a
[2026-01-02 11:02:40.437] [DEV竊辰LOUD] ASC: \t\t"c":\t280\n\t\t\t}, {\n\t\t\t\t"t":\t1020,\n\t\t\t\t"h":\t210,\n\t\t\t\t"c":\t240\n\t\t\t}, {\n\t\t\t\t"t":\t1320,\n\t\t\t\t"h":\t180,\n\t\t\t\t"c":\t280\n\t\t\t}],\n\t\t"thu":\t[{\n\t\t\t\t"t":\t360,\n\t\t\t\t"h":\t180,\n\t\t\t\t"c":\t250\n\t\t\t}, {\n\t\t\t\t"t":\t510,\n\t\t\t\t"h":\t180,\n\t\t\t\t"c":\t280\n\t\t\t}, {\n\t\t\t\t"t":\t1020,\n\t\t\t\t"h":\t210,\n\t\t\t\t"c":\t240\n\t\t\t}, {\n\t\t\t\t"t":\t1320,\n\t\t\t\t"h":\t180,\n\t\t\t\t"c":\t280\n\t\t\t}],\n\t\t"fri":\t[{\n\t\t\t\t"t":\t360,\n\t\t\t\t"h":\t180,\n\t\t\t\t"c":\t250\n\t\t\t}, {\n\t\t\t\t"t":\t510,\n\t\t\t\t"h":\t180,\n\t\t\t\t"c":\t280\n\t\t\t}, {\n\t\t\t\t"t":\t1020,\n\t\t\t\t"h":\t210,\n\t\t\t\t"c":\t240\n\t\t\t}, {\n\t\t\t\t"t":\t1320,\n\t\t\t\t"h":\t180,\n\t\t\t\t"c":\t280\n\t\t\t}],\n\t\t"sat":\t[{\n\t\t\t\t"t":\t360,\n\t\t\t\t"h":\t180,\n\t\t\t\t"c":\t250\n\t\t\t}, {\n\t\t\t\t"t":\t510,\n\t\t\t\t"h":\t180,\n\t\t\t\t"c":\t280\n\t\t\t}, {\n\t\t\t\t"t":\t1020,\n\t\t\t\t"h":\t210,\n\t\t\t\t"c":\t240\n
[2026-01-02 11:02:40.452] [DEV竊辰LOUD] RAW: 09 09 09 7d 2c 20 7b 0a 09 09 09 09 22 74 22 3a 09 31 33 32 30 2c 0a 09 09 09 09 22 68 22 3a 09 31 38 30 2c 0a 09 09 09 09 22 63 22 3a 09 32 38 30 0a 09 09 09 7d 5d 2c 0a 09 09 22 73 75 6e 22 3a 09 5b 7b 0a 09 09 09 09 22 74 22 3a 09 33 36 30 2c 0a 09 09 09 09 22 68 22 3a 09 31 38 30 2c 0a 09 09 09 09 22 63 22 3a 09 32 35 30 0a 09 09 09 7d 2c 20 7b 0a 09 09 09 09 22 74 22 3a 09 35 31 30 2c 0a 09 09 09 09 22 68 22 3a 09 31 38 30 2c 0a 09 09 09 09 22 63 22 3a 09 32 38 30 0a 09 09 09 7d 2c 20 7b 0a 09 09 09 09 22 74 22 3a 09 31 30 32 30 2c 0a 09 09 09 09 22 68 22 3a 09 32 31 30 2c 0a 09 09 09 09 22 63 22 3a 09 32 34 30 0a 09 09 09 7d 2c 20 7b 0a 09 09 09 09 22 74 22 3a 09 31 33 32 30 2c 0a 09 09 09 09 22 68 22 3a 09 31 38 30 2c 0a 09 09 09 09 22 63 22 3a 09 32 38 30 0a 09 09 09 7d 5d 0a 09 7d 2c 0a 09 22 77 6f 72 6b 6d 6f 64 65 22 3a 09 30 2c 0a 09 22 64 72 79 5f 65 6e 22 3a 09 30 2c 0a 09 22 64 72 79 5f 6d 6f 64 65 22 3a 09 30 2c 0a 09 22 7a 6f 6e 65 6f 6e 6c 79 22 3a 09 30 2c 0a 09 22 6d 61 63
[2026-01-02 11:02:40.452] [DEV竊辰LOUD] ASC: \t\t\t}, {\n\t\t\t\t"t":\t1320,\n\t\t\t\t"h":\t180,\n\t\t\t\t"c":\t280\n\t\t\t}],\n\t\t"sun":\t[{\n\t\t\t\t"t":\t360,\n\t\t\t\t"h":\t180,\n\t\t\t\t"c":\t250\n\t\t\t}, {\n\t\t\t\t"t":\t510,\n\t\t\t\t"h":\t180,\n\t\t\t\t"c":\t280\n\t\t\t}, {\n\t\t\t\t"t":\t1020,\n\t\t\t\t"h":\t210,\n\t\t\t\t"c":\t240\n\t\t\t}, {\n\t\t\t\t"t":\t1320,\n\t\t\t\t"h":\t180,\n\t\t\t\t"c":\t280\n\t\t\t}]\n\t},\n\t"workmode":\t0,\n\t"dry_en":\t0,\n\t"dry_mode":\t0,\n\t"zoneonly":\t0,\n\t"mac
[2026-01-02 11:02:40.486] [DEV竊辰LOUD] RAW: 22 3a 09 22 32 38 39 43 36 45 33 30 39 41 41 36 22 2c 0a 09 22 74 69 6d 65 22 3a 09 31 37 36 37 33 35 31 37 33 39 2c 0a 09 22 65 6e 64 22 3a 09 31 0a 7d
[2026-01-02 11:02:40.486] [DEV竊辰LOUD] ASC: ":\t"289C6E309AA6",\n\t"time":\t1767351739,\n\t"end":\t1\n}
[2026-01-02 11:02:40.564] [CLOUD竊奪EV] RAW: 7b 22 72 65 73 75 6c 74 22 3a 22 6f 6b 22 7d
[2026-01-02 11:02:40.564] [CLOUD竊奪EV] ASC: {"result":"ok"}
[2026-01-02 11:02:43.688] [DEV竊辰LOUD] RAW: 7b 0a 09 22 6d 61 63 22 3a 09 22 32 38 39 43 36 45 33 30 39 41 41 36 22 2c 0a 09 22 63 6d 64 22 3a 09 22 74 69 6d 65 22 0a 7d
[2026-01-02 11:02:43.689] [DEV竊辰LOUD] ASC: {\n\t"mac":\t"289C6E309AA6",\n\t"cmd":\t"time"\n}
[2026-01-02 11:02:43.732] [CLOUD竊奪EV] RAW: 7b 22 72 65 73 75 6c 74 22 3a 22 6f 6b 22 7d
[2026-01-02 11:02:43.732] [CLOUD竊奪EV] ASC: {"result":"ok"}
[2026-01-02 11:02:44.987] [CLOUD竊奪EV] RAW: 7b 22 6c 6f 63 61 6c 5f 74 69 6d 65 22 3a 22 32 30 32 36 30 31 30 32 31 31 30 32 22 2c 22 4d 73 67 49 44 22 3a 22 32 30 32 36 30 31 30 32 31 32 30 32 34 33 22 7d
[2026-01-02 11:02:44.987] [CLOUD竊奪EV] ASC: {"local_time":"202601021102","MsgID":"20260102120243"}
[2026-01-02 11:02:46.181] [DEV竊辰LOUD] RAW: 7b 0a 09 22 6c 6f 63 61 6c 5f 74 69 6d 65 22 3a 09 22 32 30 32 36 30 31 30 32 31 31 30 32 22 2c 0a 09 22 4d 73 67 49 44 22 3a 09 22 32 30 32 36 30 31 30 32 31 32 30 32 34 33 22 2c 0a 09 22 6d 61 63 22 3a 09 22 32 38 39 43 36 45 33 30 39 41 41 36 22 0a 7d
[2026-01-02 11:02:46.182] [DEV竊辰LOUD] ASC: {\n\t"local_time":\t"202601021102",\n\t"MsgID":\t"20260102120243",\n\t"mac":\t"289C6E309AA6"\n}
[2026-01-02 11:02:48.295] [DEV竊辰LOUD] RAW: 7b 0a 09 22 6d 61 63 22 3a 09 22 32 38 39 43 36 45 33 30 39 41 41 36 22 2c 0a 09 22 63 6d 64 22 3a 09 22 77 65 61 74 68 65 72 22 0a 7d
[2026-01-02 11:02:48.296] [DEV竊辰LOUD] ASC: {\n\t"mac":\t"289C6E309AA6",\n\t"cmd":\t"weather"\n}
[2026-01-02 11:02:48.337] [CLOUD竊奪EV] RAW: 7b 22 72 65 73 75 6c 74 22 3a 22 6f 6b 22 7d
[2026-01-02 11:02:48.337] [CLOUD竊奪EV] ASC: {"result":"ok"}
[2026-01-02 11:02:51.470] [DEV竊辰LOUD] RAW: 7b 0a 09 22 6d 61 63 22 3a 09 22 32 38 39 43 36 45 33 30 39 41 41 36 22 2c 0a 09 22 63 6d 64 22 3a 09 22 77 65 61 74 68 65 72 22 0a 7d
[2026-01-02 11:02:51.470] [DEV竊辰LOUD] ASC: {\n\t"mac":\t"289C6E309AA6",\n\t"cmd":\t"weather"\n}
[2026-01-02 11:02:51.511] [CLOUD竊奪EV] RAW: 7b 22 72 65 73 75 6c 74 22 3a 22 6f 6b 22 7d
[2026-01-02 11:02:51.511] [CLOUD竊奪EV] ASC: {"result":"ok"}
[2026-01-02 11:02:54.751] [DEV竊辰LOUD] RAW: 7b 0a 09 22 64 69 73 5f 72 6f 6f 6d 5f 68 75 6d 69 22 3a 09 5b 37 31 2c 20 30 2c 20 30 2c 20 30 5d 2c 0a 09 22 6d 61 63 22 3a 09 22 32 38 39 43 36 45 33 30 39 41 41 36 22 2c 0a 09 22 74 69 6d 65 22 3a 09 31 37 36 37 33 35 31 37 35 37 2c 0a 09 22 65 6e 64 22 3a 09 31 0a 7d
[2026-01-02 11:02:54.751] [DEV竊辰LOUD] ASC: {\n\t"dis_room_humi":\t[71, 0, 0, 0],\n\t"mac":\t"289C6E309AA6",\n\t"time":\t1767351757,\n\t"end":\t1\n}
[2026-01-02 11:02:54.793] [CLOUD竊奪EV] RAW: 7b 22 72 65 73 75 6c 74 22 3a 22 6f 6b 22 7d
[2026-01-02 11:02:54.793] [CLOUD竊奪EV] ASC: {"result":"ok"}
[2026-01-02 11:02:57.897] [DEV竊辰LOUD] RAW: 7b 0a 09 22 6d 61 63 22 3a 09 22 32 38 39 43 36 45 33 30 39 41 41 36 22 2c 0a 09 22 63 6d 64 22 3a 09 22 77 65 61 74 68 65 72 22 0a 7d
[2026-01-02 11:02:57.897] [DEV竊辰LOUD] ASC: {\n\t"mac":\t"289C6E309AA6",\n\t"cmd":\t"weather"\n}
[2026-01-02 11:02:57.939] [CLOUD竊奪EV] RAW: 7b 22 72 65 73 75 6c 74 22 3a 22 6f 6b 22 7d
[2026-01-02 11:02:57.940] [CLOUD竊奪EV] ASC: {"result":"ok"}
[2026-01-02 11:03:01.041] [DEV竊辰LOUD] RAW: 7b 0a 09 22 6d 61 63 22 3a 09 22 32 38 39 43 36 45 33 30 39 41 41 36 22 2c 0a 09 22 63 6d 64 22 3a 09 22 77 65 61 74 68 65 72 22 0a 7d
[2026-01-02 11:03:01.042] [DEV竊辰LOUD] ASC: {\n\t"mac":\t"289C6E309AA6",\n\t"cmd":\t"weather"\n}
[2026-01-02 11:03:01.084] [CLOUD竊奪EV] RAW: 7b 22 72 65 73 75 6c 74 22 3a 22 6f 6b 22 7d
[2026-01-02 11:03:01.084] [CLOUD竊奪EV] ASC: {"result":"ok"}
[2026-01-02 11:03:04.270] [DEV竊辰LOUD] RAW: 7b 0a 09 22 6d 61 63 22 3a 09 22 32 38 39 43 36 45 33 30 39 41 41 36 22 2c 0a 09 22 63 6d 64 22 3a 09 22 77 65 61 74 68 65 72 22 0a 7d
[2026-01-02 11:03:04.271] [DEV竊辰LOUD] ASC: {\n\t"mac":\t"289C6E309AA6",\n\t"cmd":\t"weather"\n}
[2026-01-02 11:03:04.311] [CLOUD竊奪EV] RAW: 7b 22 72 65 73 75 6c 74 22 3a 22 6f 6b 22 7d
[2026-01-02 11:03:04.311] [CLOUD竊奪EV] ASC: {"result":"ok"}
[2026-01-02 11:03:07.424] [DEV竊辰LOUD] RAW: 7b 0a 09 22 6d 61 63 22 3a 09 22 32 38 39 43 36 45 33 30 39 41 41 36 22 2c 0a 09 22 63 6d 64 22 3a 09 22 77 65 61 74 68 65 72 22 0a 7d
[2026-01-02 11:03:07.424] [DEV竊辰LOUD] ASC: {\n\t"mac":\t"289C6E309AA6",\n\t"cmd":\t"weather"\n}
[2026-01-02 11:03:07.467] [CLOUD竊奪EV] RAW: 7b 22 72 65 73 75 6c 74 22 3a 22 6f 6b 22 7d
[2026-01-02 11:03:07.467] [CLOUD竊奪EV] ASC: {"result":"ok"}
[2026-01-02 11:03:10.586] [DEV竊辰LOUD] RAW: 7b 0a 09 22 6d 61 63 22 3a 09 22 32 38 39 43 36 45 33 30 39 41 41 36 22 2c 0a 09 22 63 6d 64 22 3a 09 22 77 65 61 74 68 65 72 22 0a 7d
[2026-01-02 11:03:10.586] [DEV竊辰LOUD] ASC: {\n\t"mac":\t"289C6E309AA6",\n\t"cmd":\t"weather"\n}
[2026-01-02 11:03:10.626] [CLOUD竊奪EV] RAW: 7b 22 72 65 73 75 6c 74 22 3a 22 6f 6b 22 7d
[2026-01-02 11:03:10.627] [CLOUD竊奪EV] ASC: {"result":"ok"}
[2026-01-02 11:03:13.793] [DEV竊辰LOUD] RAW: 7b 0a 09 22 6d 61 63 22 3a 09 22 32 38 39 43 36 45 33 30 39 41 41 36 22 2c 0a 09 22 63 6d 64 22 3a 09 22 77 65 61 74 68 65 72 22 0a 7d
[2026-01-02 11:03:13.793] [DEV竊辰LOUD] ASC: {\n\t"mac":\t"289C6E309AA6",\n\t"cmd":\t"weather"\n}
[2026-01-02 11:03:13.835] [CLOUD竊奪EV] RAW: 7b 22 72 65 73 75 6c 74 22 3a 22 6f 6b 22 7d
[2026-01-02 11:03:13.836] [CLOUD竊奪EV] ASC: {"result":"ok"}
[2026-01-02 11:03:16.937] [DEV竊辰LOUD] RAW: 7b 0a 09 22 6d 61 63 22 3a 09 22 32 38 39 43 36 45 33 30 39 41 41 36 22 2c 0a 09 22 63 6d 64 22 3a 09 22 77 65 61 74 68 65 72 22 0a 7d
[2026-01-02 11:03:16.937] [DEV竊辰LOUD] ASC: {\n\t"mac":\t"289C6E309AA6",\n\t"cmd":\t"weather"\n}
[2026-01-02 11:03:17.002] [CLOUD竊奪EV] RAW: 7b 22 72 65 73 75 6c 74 22 3a 22 6f 6b 22 7d
[2026-01-02 11:03:17.002] [CLOUD竊奪EV] ASC: {"result":"ok"}
[2026-01-02 11:03:20.142] [DEV竊辰LOUD] RAW: 7b 0a 09 22 6d 61 63 22 3a 09 22 32 38 39 43 36 45 33 30 39 41 41 36 22 2c 0a 09 22 63 6d 64 22 3a 09 22 77 65 61 74 68 65 72 22 0a 7d
[2026-01-02 11:03:20.142] [DEV竊辰LOUD] ASC: {\n\t"mac":\t"289C6E309AA6",\n\t"cmd":\t"weather"\n}
[2026-01-02 11:03:20.186] [CLOUD竊奪EV] RAW: 7b 22 72 65 73 75 6c 74 22 3a 22 6f 6b 22 7d
[2026-01-02 11:03:20.187] [CLOUD竊奪EV] ASC: {"result":"ok"}
[2026-01-02 11:03:23.319] [DEV竊辰LOUD] RAW: 7b 0a 09 22 6d 61 63 22 3a 09 22 32 38 39 43 36 45 33 30 39 41 41 36 22 2c 0a 09 22 63 6d 64 22 3a 09 22 77 65 61 74 68 65 72 22 0a 7d
[2026-01-02 11:03:23.320] [DEV竊辰LOUD] ASC: {\n\t"mac":\t"289C6E309AA6",\n\t"cmd":\t"weather"\n}
[2026-01-02 11:03:23.360] [CLOUD竊奪EV] RAW: 7b 22 72 65 73 75 6c 74 22 3a 22 6f 6b 22 7d
[2026-01-02 11:03:23.360] [CLOUD竊奪EV] ASC: {"result":"ok"}
[2026-01-02 11:03:26.576] [DEV竊辰LOUD] RAW: 7b 0a 09 22 65 71 75 69 70 5f 6d 6f 64 65 22 3a 09 34 2c 0a 09 22 6d 61 63 22 3a 09 22 32 38 39 43 36 45 33 30 39 41 41 36 22 2c 0a 09 22 74 69 6d 65 22 3a 09 31 37 36 37 33 35 31 37 38 39 2c 0a 09 22 65 6e 64 22 3a 09 31 0a 7d
[2026-01-02 11:03:26.576] [DEV竊辰LOUD] ASC: {\n\t"equip_mode":\t4,\n\t"mac":\t"289C6E309AA6",\n\t"time":\t1767351789,\n\t"end":\t1\n}
[2026-01-02 11:03:26.618] [CLOUD竊奪EV] RAW: 7b 22 72 65 73 75 6c 74 22 3a 22 6f 6b 22 7d
[2026-01-02 11:03:26.620] [CLOUD竊奪EV] ASC: {"result":"ok"}
[2026-01-02 11:03:29.768] [DEV竊辰LOUD] RAW: 7b 0a 09 22 6d 61 63 22 3a 09 22 32 38 39 43 36 45 33 30 39 41 41 36 22 2c 0a 09 22 63 6d 64 22 3a 09 22 77 65 61 74 68 65 72 22 0a 7d
[2026-01-02 11:03:29.768] [DEV竊辰LOUD] ASC: {\n\t"mac":\t"289C6E309AA6",\n\t"cmd":\t"weather"\n}
[2026-01-02 11:03:29.809] [CLOUD竊奪EV] RAW: 7b 22 72 65 73 75 6c 74 22 3a 22 6f 6b 22 7d
[2026-01-02 11:03:29.809] [CLOUD竊奪EV] ASC: {"result":"ok"}
[2026-01-02 11:03:32.968] [DEV竊辰LOUD] RAW: 7b 0a 09 22 64 69 73 5f 72 6f 6f 6d 5f 68 75 6d 69 22 3a 09 5b 37 32 2c 20 30 2c 20 30 2c 20 30 5d 2c 0a 09 22 6d 61 63 22 3a 09 22 32 38 39 43 36 45 33 30 39 41 41 36 22 2c 0a 09 22 74 69 6d 65 22 3a 09 31 37 36 37 33 35 31 37 39 36 2c 0a 09 22 65 6e 64 22 3a 09 31 0a 7d
[2026-01-02 11:03:32.969] [DEV竊辰LOUD] ASC: {\n\t"dis_room_humi":\t[72, 0, 0, 0],\n\t"mac":\t"289C6E309AA6",\n\t"time":\t1767351796,\n\t"end":\t1\n}
[2026-01-02 11:03:33.009] [CLOUD竊奪EV] RAW: 7b 22 72 65 73 75 6c 74 22 3a 22 6f 6b 22 7d
[2026-01-02 11:03:33.009] [CLOUD竊奪EV] ASC: {"result":"ok"}
[2026-01-02 11:08:48.369] [NEW CONN] ('192.168.0.15', 63068)
[2026-01-02 11:08:48.414] [DEV竊辰LOUD] RAW: 53 55 42 20 32 38 39 43 36 45 33 30 39 41 41 36 0a
[2026-01-02 11:08:48.415] [DEV竊辰LOUD] ASC: SUB 289C6E309AA6\n
[2026-01-02 11:11:58.963] [CLOUD竊奪EV] Error: timed out
[2026-01-02 11:11:58.964] [DEV竊辰LOUD] Error: [Errno 9] Bad file descriptor
[2026-01-02 11:11:59.414] [NEW CONN] ('192.168.0.15', 63074)
[2026-01-02 11:11:59.457] [DEV竊辰LOUD] RAW: 53 55 42 20 32 38 39 43 36 45 33 30 39 41 41 36 0a
[2026-01-02 11:11:59.457] [DEV竊辰LOUD] ASC: SUB 289C6E309AA6\n
[2026-01-02 11:11:59.990] [CLOUD竊奪EV] RAW: 7b 22 6c 6f 63 61 6c 5f 74 69 6d 65 22 3a 22 32 30 32 36 30 31 30 32 31 31 31 30 22 2c 22 4d 73 67 49 44 22 3a 22 32 30 32 36 30 31 30 32 31 32 31 31 34 36 22 2c 22 65 71 75 69 70 5f 6d 6f 64 65 22 3a 30 2c 22 7a 6f 6e 65 31 22 3a 7b 22 6f 6e 6f 66 66 22 3a 31 2c 22 68 65 61 74 73 65 74 22 3a 31 39 35 2c 22 63 6f 6f 6c 73 65 74 22 3a 32 35 35 2c 22 70 72 6f 67 65 6e 22 3a 30 2c 22 6f 76 72 64 74 69 6d 65 22 3a 30 2c 22 61 75 74 6f 6f 66 66 74 69 6d 65 22 3a 31 37 36 37 33 35 39 33 37 31 7d 2c 22 7a 6f 6e 65 32 22 3a 7b 22 6f 6e 6f 66 66 22 3a 31 2c 22 68 65 61 74 73 65 74 22 3a 31 39 35 2c 22 63 6f 6f 6c 73 65 74 22 3a 32 31 35 2c 22 70 72 6f 67 65 6e 22 3a 30 2c 22 6f 76 72 64 74 69 6d 65 22 3a 30 2c 22 61 75 74 6f 6f 66 66 74 69 6d 65 22 3a 2d 31 7d 2c 22 66 61 6e 5f 73 70 65 65 64 22 3a 30 2c 22 66 61 6e 5f 6d 6f 64 65 22 3a 30 7d
[2026-01-02 11:11:59.990] [CLOUD竊奪EV] ASC: {"local_time":"202601021110","MsgID":"20260102121146","equip_mode":0,"zone1":{"onoff":1,"heatset":195,"coolset":255,"progen":0,"ovrdtime":0,"autoofftime":1767359371},"zone2":{"onoff":1,"heatset":195,"coolset":215,"progen":0,"ovrdtime":0,"autoofftime":-1},"fan_speed":0,"fan_mode":0}
[2026-01-02 11:12:01.749] [DEV竊辰LOUD] RAW: 7b 0a 09 22 6c 6f 63 61 6c 5f 74 69 6d 65 22 3a 09 22 32 30 32 36 30 31 30 32 31 31 31 30 22 2c 0a 09 22 4d 73 67 49 44 22 3a 09 22 32 30 32 36 30 31 30 32 31 32 31 31 34 36 22 2c 0a 09 22 65 71 75 69 70 5f 6d 6f 64 65 22 3a 09 30 2c 0a 09 22 7a 6f 6e 65 31 22 3a 09 7b 0a 09 09 22 6f 6e 6f 66 66 22 3a 09 31 2c 0a 09 09 22 68 65 61 74 73 65 74 22 3a 09 31 39 35 2c 0a 09 09 22 63 6f 6f 6c 73 65 74 22 3a 09 32 35 35 2c 0a 09 09 22 70 72 6f 67 65 6e 22 3a 09 30 2c 0a 09 09 22 6f 76 72 64 74 69 6d 65 22 3a 09 30 2c 0a 09 09 22 61 75 74 6f 6f 66 66 74 69 6d 65 22 3a 09 31 37 36 37 33 35 39 33 37 31 0a 09 7d 2c 0a 09 22 7a 6f 6e 65 32 22 3a 09 7b 0a 09 09 22 6f 6e 6f 66 66 22 3a 09 31 2c 0a 09 09 22 68 65 61 74 73 65 74 22 3a 09 31 39 35 2c 0a 09 09 22 63 6f 6f 6c 73 65 74 22 3a 09 32 31 35 2c 0a 09 09 22 70 72 6f 67 65 6e 22 3a 09 30 2c 0a 09 09 22 6f 76 72 64 74 69 6d 65 22 3a 09 30 2c 0a 09 09 22 61 75 74 6f 6f 66 66 74 69 6d 65 22 3a 09 2d 31 0a 09 7d 2c 0a 09 22 66 61 6e 5f 73 70 65 65 64 22 3a 09 30 2c 0a 09 22 66 61 6e 5f 6d 6f 64 65 22 3a 09 30 2c 0a 09 22 6d 61 63 22 3a 09 22 32 38 39 43 36 45 33 30 39 41 41 36 22 0a 7d
[2026-01-02 11:12:01.750] [DEV竊辰LOUD] ASC: {\n\t"local_time":\t"202601021110",\n\t"MsgID":\t"20260102121146",\n\t"equip_mode":\t0,\n\t"zone1":\t{\n\t\t"onoff":\t1,\n\t\t"heatset":\t195,\n\t\t"coolset":\t255,\n\t\t"progen":\t0,\n\t\t"ovrdtime":\t0,\n\t\t"autoofftime":\t1767359371\n\t},\n\t"zone2":\t{\n\t\t"onoff":\t1,\n\t\t"heatset":\t195,\n\t\t"coolset":\t215,\n\t\t"progen":\t0,\n\t\t"ovrdtime":\t0,\n\t\t"autoofftime":\t-1\n\t},\n\t"fan_speed":\t0,\n\t"fan_mode":\t0,\n\t"mac":\t"289C6E309AA6"\n}
[2026-01-02 11:12:02.108] [CLOUD竊奪EV] Error: timed out
[2026-01-02 11:12:02.109] [DEV竊辰LOUD] Error: [Errno 9] Bad file descriptor
[2026-01-02 11:12:03.924] [DEV竊辰LOUD] RAW: 7b 0a 09 22 7a 6f 6e 65 31 22 3a 09 7b 0a 09 09 22 6f 6e 6f 66 66 22 3a 09 31 2c 0a 09 09 22 63 6f 6f 6c 73 65 74 22 3a 09 32 35 35 2c 0a 09 09 22 61 75 74 6f 6f 66 66 74 69 6d 65 22 3a 09 31 37 36 37 33 35 39 33 37 31 0a 09 7d 2c 0a 09 22 7a 6f 6e 65 32 22 3a 09 7b 0a 09 09 22 63 6f 6f 6c 73 65 74 22 3a 09 32 31 35 2c 0a 09 09 22 61 75 74 6f 6f 66 66 74 69 6d 65 22 3a 09 2d 31 0a 09 7d 2c 0a 09 22 6d 61 63 22 3a 09 22 32 38 39 43 36 45 33 30 39 41 41 36 22 2c 0a 09 22 74 69 6d 65 22 3a 09 31 37 36 37 33 35 32 32 30 32 2c 0a 09 22 65 6e 64 22 3a 09 31 0a 7d
[2026-01-02 11:12:03.924] [DEV竊辰LOUD] ASC: {\n\t"zone1":\t{\n\t\t"onoff":\t1,\n\t\t"coolset":\t255,\n\t\t"autoofftime":\t1767359371\n\t},\n\t"zone2":\t{\n\t\t"coolset":\t215,\n\t\t"autoofftime":\t-1\n\t},\n\t"mac":\t"289C6E309AA6",\n\t"time":\t1767352202,\n\t"end":\t1\n}
[2026-01-02 11:12:03.966] [CLOUD竊奪EV] RAW: 7b 22 72 65 73 75 6c 74 22 3a 22 6f 6b 22 7d
[2026-01-02 11:12:03.966] [CLOUD竊奪EV] ASC: {"result":"ok"}
[2026-01-02 11:12:07.187] [DEV竊辰LOUD] RAW: 7b 0a 09 22 64 69 73 5f 72 6f 6f 6d 5f 68 75 6d 69 22 3a 09 5b 37 30 2c 20 30 2c 20 30 2c 20 30 5d 2c 0a 09 22 6d 61 63 22 3a 09 22 32 38 39 43 36 45 33 30 39 41 41 36 22 2c 0a 09 22 74 69 6d 65 22 3a 09 31 37 36 37 33 35 32 32 30 35 2c 0a 09 22 65 6e 64 22 3a 09 31 0a 7d
[2026-01-02 11:12:07.187] [DEV竊辰LOUD] ASC: {\n\t"dis_room_humi":\t[70, 0, 0, 0],\n\t"mac":\t"289C6E309AA6",\n\t"time":\t1767352205,\n\t"end":\t1\n}
[2026-01-02 11:12:07.230] [CLOUD竊奪EV] RAW: 7b 22 72 65 73 75 6c 74 22 3a 22 6f 6b 22 7d
[2026-01-02 11:12:07.230] [CLOUD竊奪EV] ASC: {"result":"ok"}
[2026-01-02 11:12:10.387] [DEV竊辰LOUD] RAW: 7b 0a 09 22 6d 61 63 22 3a 09 22 32 38 39 43 36 45 33 30 39 41 41 36 22 2c 0a 09 22 63 6d 64 22 3a 09 22 77 65 61 74 68 65 72 22 0a 7d
[2026-01-02 11:12:10.388] [DEV竊辰LOUD] ASC: {\n\t"mac":\t"289C6E309AA6",\n\t"cmd":\t"weather"\n}
[2026-01-02 11:12:10.431] [CLOUD竊奪EV] RAW: 7b 22 72 65 73 75 6c 74 22 3a 22 6f 6b 22 7d
[2026-01-02 11:12:10.431] [CLOUD竊奪EV] ASC: {"result":"ok"}
[2026-01-02 11:12:13.531] [DEV竊辰LOUD] RAW: 7b 0a 09 22 6d 61 63 22 3a 09 22 32 38 39 43 36 45 33 30 39 41 41 36 22 2c 0a 09 22 63 6d 64 22 3a 09 22 77 65 61 74 68 65 72 22 0a 7d
[2026-01-02 11:12:13.532] [DEV竊辰LOUD] ASC: {\n\t"mac":\t"289C6E309AA6",\n\t"cmd":\t"weather"\n}
[2026-01-02 11:12:13.574] [CLOUD竊奪EV] RAW: 7b 22 72 65 73 75 6c 74 22 3a 22 6f 6b 22 7d
[2026-01-02 11:12:13.574] [CLOUD竊奪EV] ASC: {"result":"ok"}
[2026-01-02 11:12:16.738] [DEV竊辰LOUD] RAW: 7b 0a 09 22 6d 61 63 22 3a 09 22 32 38 39 43 36 45 33 30 39 41 41 36 22 2c 0a 09 22 63 6d 64 22 3a 09 22 77 65 61 74 68 65 72 22 0a 7d
[2026-01-02 11:12:16.738] [DEV竊辰LOUD] ASC: {\n\t"mac":\t"289C6E309AA6",\n\t"cmd":\t"weather"\n}
[2026-01-02 11:12:16.779] [CLOUD竊奪EV] RAW: 7b 22 72 65 73 75 6c 74 22 3a 22 6f 6b 22 7d
[2026-01-02 11:12:16.780] [CLOUD竊奪EV] ASC: {"result":"ok"}
[2026-01-02 11:12:20.009] [DEV竊辰LOUD] RAW: 7b 0a 09 22 6d 61 63 22 3a 09 22 32 38 39 43 36 45 33 30 39 41 41 36 22 2c 0a 09 22 63 6d 64 22 3a 09 22 77 65 61 74 68 65 72 22 0a 7d
[2026-01-02 11:12:20.010] [DEV竊辰LOUD] ASC: {\n\t"mac":\t"289C6E309AA6",\n\t"cmd":\t"weather"\n}
[2026-01-02 11:12:20.182] [CLOUD竊奪EV] RAW: 7b 22 72 65 73 75 6c 74 22 3a 22 6f 6b 22 7d
[2026-01-02 11:12:20.183] [CLOUD竊奪EV] ASC: {"result":"ok"}
[2026-01-02 11:12:23.347] [DEV竊辰LOUD] RAW: 7b 0a 09 22 6d 61 63 22 3a 09 22 32 38 39 43 36 45 33 30 39 41 41 36 22 2c 0a 09 22 63 6d 64 22 3a 09 22 77 65 61 74 68 65 72 22 0a 7d
[2026-01-02 11:12:23.347] [DEV竊辰LOUD] ASC: {\n\t"mac":\t"289C6E309AA6",\n\t"cmd":\t"weather"\n}
[2026-01-02 11:12:23.523] [CLOUD竊奪EV] RAW: 7b 22 72 65 73 75 6c 74 22 3a 22 6f 6b 22 7d
[2026-01-02 11:12:23.523] [CLOUD竊奪EV] ASC: {"result":"ok"}
[2026-01-02 11:12:26.675] [DEV竊辰LOUD] RAW: 7b 0a 09 22 6d 61 63 22 3a 09 22 32 38 39 43 36 45 33 30 39 41 41 36 22 2c 0a 09 22 63 6d 64 22 3a 09 22 77 65 61 74 68 65 72 22 0a 7d
[2026-01-02 11:12:26.675] [DEV竊辰LOUD] ASC: {\n\t"mac":\t"289C6E309AA6",\n\t"cmd":\t"weather"\n}
[2026-01-02 11:12:26.716] [CLOUD竊奪EV] RAW: 7b 22 72 65 73 75 6c 74 22 3a 22 6f 6b 22 7d
[2026-01-02 11:12:26.717] [CLOUD竊奪EV] ASC: {"result":"ok"}
[2026-01-02 11:12:29.819] [DEV竊辰LOUD] RAW: 7b 0a 09 22 6d 61 63 22 3a 09 22 32 38 39 43 36 45 33 30 39 41 41 36 22 2c 0a 09 22 63 6d 64 22 3a 09 22 77 65 61 74 68 65 72 22 0a 7d
[2026-01-02 11:12:29.819] [DEV竊辰LOUD] ASC: {\n\t"mac":\t"289C6E309AA6",\n\t"cmd":\t"weather"\n}
[2026-01-02 11:12:29.860] [CLOUD竊奪EV] RAW: 7b 22 72 65 73 75 6c 74 22 3a 22 6f 6b 22 7d
[2026-01-02 11:12:29.861] [CLOUD竊奪EV] ASC: {"result":"ok"}
[2026-01-02 11:12:33.019] [DEV竊辰LOUD] RAW: 7b 0a 09 22 6d 61 63 22 3a 09 22 32 38 39 43 36 45 33 30 39 41 41 36 22 2c 0a 09 22 63 6d 64 22 3a 09 22 77 65 61 74 68 65 72 22 0a 7d
[2026-01-02 11:12:33.020] [DEV竊辰LOUD] ASC: {\n\t"mac":\t"289C6E309AA6",\n\t"cmd":\t"weather"\n}
[2026-01-02 11:12:33.062] [CLOUD竊奪EV] RAW: 7b 22 72 65 73 75 6c 74 22 3a 22 6f 6b 22 7d
[2026-01-02 11:12:33.062] [CLOUD竊奪EV] ASC: {"result":"ok"}
[2026-01-02 11:12:35.895] Proxy stopping...
